<?xml version="1.0" encoding="UTF-8"?>
<TestRun id="54f31148-4542-40e7-8699-2a1134871c48" name="Administrator@CUCAMONGA 2011-08-17 17:21:32" runUser="CUCAMONGA\Administrator" xmlns="http://microsoft.com/schemas/VisualStudio/TeamTest/2010">
  <TestSettings name="Default Test Settings" id="6bd87681-c39a-4a4d-bc9c-6d3795930607">
    <Deployment runDeploymentRoot="Administrator_CUCAMONGA 2011-08-17 17_21_32">
      <DeploymentItem filename="C:\Projects\Humpback\Humpback\bin\Debug\Hump.exe" />
      <DeploymentItem filename="C:\Projects\Humpback\Humpback.Interfaces\bin\Debug\Humpback.Interfaces.dll" />
    </Deployment>
    <Execution>
      <TestTypeSpecific />
      <AgentRule name="Execution Agents">
      </AgentRule>
    </Execution>
  </TestSettings>
  <Times creation="2011-08-17T17:21:32.9533280-07:00" queuing="2011-08-17T17:21:34.7374300-07:00" start="2011-08-17T17:21:34.8894387-07:00" finish="2011-08-17T17:21:41.1187950-07:00" />
  <ResultSummary outcome="Completed">
    <Counters total="70" executed="70" passed="70" error="0" failed="0" timeout="0" aborted="0" inconclusive="0" passedButRunAborted="0" notRunnable="0" notExecuted="0" disconnected="0" warning="0" completed="0" inProgress="0" pending="0" />
  </ResultSummary>
  <TestDefinitions>
    <UnitTest name="HelpTest_H" storage="c:\projects\humpback\humpback.tests\bin\debug\humpback.tests.dll" id="92dbc9fd-8625-52e9-87e0-f4f933c33d3e">
      <Execution id="1488b693-e6a3-4595-970f-fa65a4224549" />
      <TestMethod codeBase="C:/Projects/Humpback/Humpback.Tests/bin/Debug/Humpback.Tests.DLL" adapterTypeName="Microsoft.VisualStudio.TestTools.TestTypes.Unit.UnitTestAdapter, Microsoft.VisualStudio.QualityTools.Tips.UnitTest.Adapter, Version=10.0.0.0, Culture=neutral, PublicKeyToken=b03f5f7f11d50a3a" className="Humpback.Tests.ConfigurationTest, Humpback.Tests, Version=1.0.0.0, Culture=neutral, PublicKeyToken=null" name="HelpTest_H" />
    </UnitTest>
    <UnitTest name="BasicSqlTest" storage="c:\projects\humpback\humpback.tests\bin\debug\humpback.tests.dll" id="977522ec-36ab-7467-e984-16e06673af6f">
      <Execution id="883b9c59-dbad-4f46-89e4-36e3cf48fadc" />
      <TestMethod codeBase="C:/Projects/Humpback/Humpback.Tests/bin/Debug/Humpback.Tests.DLL" adapterTypeName="Microsoft.VisualStudio.TestTools.TestTypes.Unit.UnitTestAdapter, Microsoft.VisualStudio.QualityTools.Tips.UnitTest.Adapter, Version=10.0.0.0, Culture=neutral, PublicKeyToken=b03f5f7f11d50a3a" className="Humpback.Tests.ConfigurationTest, Humpback.Tests, Version=1.0.0.0, Culture=neutral, PublicKeyToken=null" name="BasicSqlTest" />
    </UnitTest>
    <UnitTest name="GeneratorFileTest" storage="c:\projects\humpback\humpback.tests\bin\debug\humpback.tests.dll" id="2a84bd86-8ca4-1eec-bb5f-cdc52d11f0ed">
      <Execution id="4b1fd9c4-866c-432c-932d-20c911cf9858" />
      <TestMethod codeBase="C:/Projects/Humpback/Humpback.Tests/bin/Debug/Humpback.Tests.DLL" adapterTypeName="Microsoft.VisualStudio.TestTools.TestTypes.Unit.UnitTestAdapter, Microsoft.VisualStudio.QualityTools.Tips.UnitTest.Adapter, Version=10.0.0.0, Culture=neutral, PublicKeyToken=b03f5f7f11d50a3a" className="Humpback.Tests.GeneratorTest, Humpback.Tests, Version=1.0.0.0, Culture=neutral, PublicKeyToken=null" name="GeneratorFileTest" />
    </UnitTest>
    <UnitTest name="EnvironmentTestSet" storage="c:\projects\humpback\humpback.tests\bin\debug\humpback.tests.dll" id="80d6448f-0f06-5c6f-9efd-c6199e7a4680">
      <Execution id="f880a8d9-aa02-42ea-a7f0-9a92adca265d" />
      <TestMethod codeBase="C:/Projects/Humpback/Humpback.Tests/bin/Debug/Humpback.Tests.DLL" adapterTypeName="Microsoft.VisualStudio.TestTools.TestTypes.Unit.UnitTestAdapter, Microsoft.VisualStudio.QualityTools.Tips.UnitTest.Adapter, Version=10.0.0.0, Culture=neutral, PublicKeyToken=b03f5f7f11d50a3a" className="Humpback.Tests.ConfigurationTest, Humpback.Tests, Version=1.0.0.0, Culture=neutral, PublicKeyToken=null" name="EnvironmentTestSet" />
    </UnitTest>
    <UnitTest name="EnvironmentTest" storage="c:\projects\humpback\humpback.tests\bin\debug\humpback.tests.dll" id="04f82181-a0a0-268d-8961-6593b0283527">
      <Execution id="4f21f8f8-996b-4533-b409-e260a24bf44b" />
      <TestMethod codeBase="C:/Projects/Humpback/Humpback.Tests/bin/Debug/Humpback.Tests.DLL" adapterTypeName="Microsoft.VisualStudio.TestTools.TestTypes.Unit.UnitTestAdapter, Microsoft.VisualStudio.QualityTools.Tips.UnitTest.Adapter, Version=10.0.0.0, Culture=neutral, PublicKeyToken=b03f5f7f11d50a3a" className="Humpback.Tests.ConfigurationTest, Humpback.Tests, Version=1.0.0.0, Culture=neutral, PublicKeyToken=null" name="EnvironmentTest" />
    </UnitTest>
    <UnitTest name="SqlFormatterAddTableTestWithNullableAndDefault" storage="c:\projects\humpback\humpback.tests\bin\debug\humpback.tests.dll" id="932f94f6-db59-e4fb-db9c-4892e9feb731">
      <Execution id="3781468c-3e5f-49fc-9e1c-7adebc2348e8" />
      <TestMethod codeBase="C:/Projects/Humpback/Humpback.Tests/bin/Debug/Humpback.Tests.DLL" adapterTypeName="Microsoft.VisualStudio.TestTools.TestTypes.Unit.UnitTestAdapter, Microsoft.VisualStudio.QualityTools.Tips.UnitTest.Adapter, Version=10.0.0.0, Culture=neutral, PublicKeyToken=b03f5f7f11d50a3a" className="Humpback.Tests.SQLServerFormatterTest, Humpback.Tests, Version=1.0.0.0, Culture=neutral, PublicKeyToken=null" name="SqlFormatterAddTableTestWithNullableAndDefault" />
    </UnitTest>
    <UnitTest name="TestForArray" storage="c:\projects\humpback\humpback.tests\bin\debug\humpback.tests.dll" id="08b5b9c9-6f47-d78c-ccbb-c81dcaf801d4">
      <Execution id="b1bd1b10-f8a8-41ec-a470-3659fdd6627c" />
      <TestMethod codeBase="C:/Projects/Humpback/Humpback.Tests/bin/Debug/Humpback.Tests.DLL" adapterTypeName="Microsoft.VisualStudio.TestTools.TestTypes.Unit.UnitTestAdapter, Microsoft.VisualStudio.QualityTools.Tips.UnitTest.Adapter, Version=10.0.0.0, Culture=neutral, PublicKeyToken=b03f5f7f11d50a3a" className="Humpback.Tests.DynamicTests, Humpback.Tests, Version=1.0.0.0, Culture=neutral, PublicKeyToken=null" name="TestForArray" />
    </UnitTest>
    <UnitTest name="TestForTypeOfArray" storage="c:\projects\humpback\humpback.tests\bin\debug\humpback.tests.dll" id="20d19967-444e-dc24-b335-97edc08b5909">
      <Execution id="b965b220-6191-4e0e-a9aa-3bd896cef4b4" />
      <TestMethod codeBase="C:/Projects/Humpback/Humpback.Tests/bin/Debug/Humpback.Tests.DLL" adapterTypeName="Microsoft.VisualStudio.TestTools.TestTypes.Unit.UnitTestAdapter, Microsoft.VisualStudio.QualityTools.Tips.UnitTest.Adapter, Version=10.0.0.0, Culture=neutral, PublicKeyToken=b03f5f7f11d50a3a" className="Humpback.Tests.DynamicTests, Humpback.Tests, Version=1.0.0.0, Culture=neutral, PublicKeyToken=null" name="TestForTypeOfArray" />
    </UnitTest>
    <UnitTest name="GeneratorAddSingleColumnTest_Escaped_To" storage="c:\projects\humpback\humpback.tests\bin\debug\humpback.tests.dll" id="b5bbd01e-9ce5-7737-6c5e-33b038bbfcef">
      <Execution id="a0fcc6ba-a8ff-483c-90c3-0d63d3fed360" />
      <TestMethod codeBase="C:/Projects/Humpback/Humpback.Tests/bin/Debug/Humpback.Tests.DLL" adapterTypeName="Microsoft.VisualStudio.TestTools.TestTypes.Unit.UnitTestAdapter, Microsoft.VisualStudio.QualityTools.Tips.UnitTest.Adapter, Version=10.0.0.0, Culture=neutral, PublicKeyToken=b03f5f7f11d50a3a" className="Humpback.Tests.GeneratorTest, Humpback.Tests, Version=1.0.0.0, Culture=neutral, PublicKeyToken=null" name="GeneratorAddSingleColumnTest_Escaped_To" />
    </UnitTest>
    <UnitTest name="SqlFormatterChangeColumnTest" storage="c:\projects\humpback\humpback.tests\bin\debug\humpback.tests.dll" id="a8a040ac-527d-a3e5-eb1e-6eb6f9128096">
      <Execution id="6d37101c-f9bb-4665-8bd9-925437f0b011" />
      <TestMethod codeBase="C:/Projects/Humpback/Humpback.Tests/bin/Debug/Humpback.Tests.DLL" adapterTypeName="Microsoft.VisualStudio.TestTools.TestTypes.Unit.UnitTestAdapter, Microsoft.VisualStudio.QualityTools.Tips.UnitTest.Adapter, Version=10.0.0.0, Culture=neutral, PublicKeyToken=b03f5f7f11d50a3a" className="Humpback.Tests.SQLServerFormatterTest, Humpback.Tests, Version=1.0.0.0, Culture=neutral, PublicKeyToken=null" name="SqlFormatterChangeColumnTest" />
    </UnitTest>
    <UnitTest name="BasicListTest" storage="c:\projects\humpback\humpback.tests\bin\debug\humpback.tests.dll" id="16f64c72-025c-ebb3-6b93-684532a9fa63">
      <Execution id="021f601e-0404-40eb-bf41-f9183265bff6" />
      <TestMethod codeBase="C:/Projects/Humpback/Humpback.Tests/bin/Debug/Humpback.Tests.DLL" adapterTypeName="Microsoft.VisualStudio.TestTools.TestTypes.Unit.UnitTestAdapter, Microsoft.VisualStudio.QualityTools.Tips.UnitTest.Adapter, Version=10.0.0.0, Culture=neutral, PublicKeyToken=b03f5f7f11d50a3a" className="Humpback.Tests.ConfigurationTest, Humpback.Tests, Version=1.0.0.0, Culture=neutral, PublicKeyToken=null" name="BasicListTest" />
    </UnitTest>
    <UnitTest name="SqlFormatterDropColumnTest" storage="c:\projects\humpback\humpback.tests\bin\debug\humpback.tests.dll" id="6fa915c5-6ab5-24c3-610a-84f83ee2d7ae">
      <Execution id="1d1053c1-b50f-46b4-afba-e01ca149a0df" />
      <TestMethod codeBase="C:/Projects/Humpback/Humpback.Tests/bin/Debug/Humpback.Tests.DLL" adapterTypeName="Microsoft.VisualStudio.TestTools.TestTypes.Unit.UnitTestAdapter, Microsoft.VisualStudio.QualityTools.Tips.UnitTest.Adapter, Version=10.0.0.0, Culture=neutral, PublicKeyToken=b03f5f7f11d50a3a" className="Humpback.Tests.SQLServerFormatterTest, Humpback.Tests, Version=1.0.0.0, Culture=neutral, PublicKeyToken=null" name="SqlFormatterDropColumnTest" />
    </UnitTest>
    <UnitTest name="TestGeneratePlainSQLStringDown" storage="c:\projects\humpback\humpback.tests\bin\debug\humpback.tests.dll" id="f2fd06d6-bc32-5afa-9fd6-c66d5415c515">
      <Execution id="a7d746d3-affc-4500-881e-7312cfd23d01" />
      <TestMethod codeBase="C:/Projects/Humpback/Humpback.Tests/bin/Debug/Humpback.Tests.DLL" adapterTypeName="Microsoft.VisualStudio.TestTools.TestTypes.Unit.UnitTestAdapter, Microsoft.VisualStudio.QualityTools.Tips.UnitTest.Adapter, Version=10.0.0.0, Culture=neutral, PublicKeyToken=b03f5f7f11d50a3a" className="Humpback.Tests.SQLGeneratorTests, Humpback.Tests, Version=1.0.0.0, Culture=neutral, PublicKeyToken=null" name="TestGeneratePlainSQLStringDown" />
    </UnitTest>
    <UnitTest name="GeneratorDropTable" storage="c:\projects\humpback\humpback.tests\bin\debug\humpback.tests.dll" id="058de0ad-729f-7726-204c-f9b6197ace80">
      <Execution id="65ce92fb-3c62-45f1-a75a-ba8f941f0173" />
      <TestMethod codeBase="C:/Projects/Humpback/Humpback.Tests/bin/Debug/Humpback.Tests.DLL" adapterTypeName="Microsoft.VisualStudio.TestTools.TestTypes.Unit.UnitTestAdapter, Microsoft.VisualStudio.QualityTools.Tips.UnitTest.Adapter, Version=10.0.0.0, Culture=neutral, PublicKeyToken=b03f5f7f11d50a3a" className="Humpback.Tests.GeneratorTest, Humpback.Tests, Version=1.0.0.0, Culture=neutral, PublicKeyToken=null" name="GeneratorDropTable" />
    </UnitTest>
    <UnitTest name="GeneratorSqlTest" storage="c:\projects\humpback\humpback.tests\bin\debug\humpback.tests.dll" id="e7403101-b8a8-6884-112a-c39c176e3e12">
      <Execution id="93b0b16c-2b1b-4181-8e7f-2ccab2ffb6a9" />
      <TestMethod codeBase="C:/Projects/Humpback/Humpback.Tests/bin/Debug/Humpback.Tests.DLL" adapterTypeName="Microsoft.VisualStudio.TestTools.TestTypes.Unit.UnitTestAdapter, Microsoft.VisualStudio.QualityTools.Tips.UnitTest.Adapter, Version=10.0.0.0, Culture=neutral, PublicKeyToken=b03f5f7f11d50a3a" className="Humpback.Tests.GeneratorTest, Humpback.Tests, Version=1.0.0.0, Culture=neutral, PublicKeyToken=null" name="GeneratorSqlTest" />
    </UnitTest>
    <UnitTest name="HelpTest_help" storage="c:\projects\humpback\humpback.tests\bin\debug\humpback.tests.dll" id="156e597f-0b1d-a2d7-359e-abcce95cc492">
      <Execution id="848ba3ac-dcdd-4daf-a4f5-89084905fa73" />
      <TestMethod codeBase="C:/Projects/Humpback/Humpback.Tests/bin/Debug/Humpback.Tests.DLL" adapterTypeName="Microsoft.VisualStudio.TestTools.TestTypes.Unit.UnitTestAdapter, Microsoft.VisualStudio.QualityTools.Tips.UnitTest.Adapter, Version=10.0.0.0, Culture=neutral, PublicKeyToken=b03f5f7f11d50a3a" className="Humpback.Tests.ConfigurationTest, Humpback.Tests, Version=1.0.0.0, Culture=neutral, PublicKeyToken=null" name="HelpTest_help" />
    </UnitTest>
    <UnitTest name="SqlFormatterAddTableTest" storage="c:\projects\humpback\humpback.tests\bin\debug\humpback.tests.dll" id="274b4467-35d6-4a34-11dc-f60e719c1a5c">
      <Execution id="fc589c17-ac26-4c98-b568-cad8252d2b8e" />
      <TestMethod codeBase="C:/Projects/Humpback/Humpback.Tests/bin/Debug/Humpback.Tests.DLL" adapterTypeName="Microsoft.VisualStudio.TestTools.TestTypes.Unit.UnitTestAdapter, Microsoft.VisualStudio.QualityTools.Tips.UnitTest.Adapter, Version=10.0.0.0, Culture=neutral, PublicKeyToken=b03f5f7f11d50a3a" className="Humpback.Tests.SQLServerFormatterTest, Humpback.Tests, Version=1.0.0.0, Culture=neutral, PublicKeyToken=null" name="SqlFormatterAddTableTest" />
    </UnitTest>
    <UnitTest name="TestForString" storage="c:\projects\humpback\humpback.tests\bin\debug\humpback.tests.dll" id="d5cc0cd9-833d-a38d-dcfc-767927d698f4">
      <Execution id="1a950779-74f1-41ef-8c2c-186389f7c239" />
      <TestMethod codeBase="C:/Projects/Humpback/Humpback.Tests/bin/Debug/Humpback.Tests.DLL" adapterTypeName="Microsoft.VisualStudio.TestTools.TestTypes.Unit.UnitTestAdapter, Microsoft.VisualStudio.QualityTools.Tips.UnitTest.Adapter, Version=10.0.0.0, Culture=neutral, PublicKeyToken=b03f5f7f11d50a3a" className="Humpback.Tests.DynamicTests, Humpback.Tests, Version=1.0.0.0, Culture=neutral, PublicKeyToken=null" name="TestForString" />
    </UnitTest>
    <UnitTest name="HelpModifierTest_RUN" storage="c:\projects\humpback\humpback.tests\bin\debug\humpback.tests.dll" id="bffd13bd-a98a-7359-d86a-98f61a84657f">
      <Execution id="d8f01974-8efa-428d-a16e-cf62b13828b8" />
      <TestMethod codeBase="C:/Projects/Humpback/Humpback.Tests/bin/Debug/Humpback.Tests.DLL" adapterTypeName="Microsoft.VisualStudio.TestTools.TestTypes.Unit.UnitTestAdapter, Microsoft.VisualStudio.QualityTools.Tips.UnitTest.Adapter, Version=10.0.0.0, Culture=neutral, PublicKeyToken=b03f5f7f11d50a3a" className="Humpback.Tests.ConfigurationTest, Humpback.Tests, Version=1.0.0.0, Culture=neutral, PublicKeyToken=null" name="HelpModifierTest_RUN" />
    </UnitTest>
    <UnitTest name="GeneratorAddTable1Column" storage="c:\projects\humpback\humpback.tests\bin\debug\humpback.tests.dll" id="d24e533b-e361-fd8b-5f8c-9fe89753d6c0">
      <Execution id="7aec75a9-f483-444d-8a09-3f9703a172f9" />
      <TestMethod codeBase="C:/Projects/Humpback/Humpback.Tests/bin/Debug/Humpback.Tests.DLL" adapterTypeName="Microsoft.VisualStudio.TestTools.TestTypes.Unit.UnitTestAdapter, Microsoft.VisualStudio.QualityTools.Tips.UnitTest.Adapter, Version=10.0.0.0, Culture=neutral, PublicKeyToken=b03f5f7f11d50a3a" className="Humpback.Tests.GeneratorTest, Humpback.Tests, Version=1.0.0.0, Culture=neutral, PublicKeyToken=null" name="GeneratorAddTable1Column" />
    </UnitTest>
    <UnitTest name="SqlFormatterAddIndexTest" storage="c:\projects\humpback\humpback.tests\bin\debug\humpback.tests.dll" id="c4268f76-efd3-124d-873f-390998bcba88">
      <Execution id="1d562716-b084-4145-bfa5-c04a080cd750" />
      <TestMethod codeBase="C:/Projects/Humpback/Humpback.Tests/bin/Debug/Humpback.Tests.DLL" adapterTypeName="Microsoft.VisualStudio.TestTools.TestTypes.Unit.UnitTestAdapter, Microsoft.VisualStudio.QualityTools.Tips.UnitTest.Adapter, Version=10.0.0.0, Culture=neutral, PublicKeyToken=b03f5f7f11d50a3a" className="Humpback.Tests.SQLServerFormatterTest, Humpback.Tests, Version=1.0.0.0, Culture=neutral, PublicKeyToken=null" name="SqlFormatterAddIndexTest" />
    </UnitTest>
    <UnitTest name="BasicSqlTest2" storage="c:\projects\humpback\humpback.tests\bin\debug\humpback.tests.dll" id="a1158286-c9a0-d3c5-048f-b0851d3cf5b7">
      <Execution id="69f8879c-d8be-45da-b9cf-44df591f6432" />
      <TestMethod codeBase="C:/Projects/Humpback/Humpback.Tests/bin/Debug/Humpback.Tests.DLL" adapterTypeName="Microsoft.VisualStudio.TestTools.TestTypes.Unit.UnitTestAdapter, Microsoft.VisualStudio.QualityTools.Tips.UnitTest.Adapter, Version=10.0.0.0, Culture=neutral, PublicKeyToken=b03f5f7f11d50a3a" className="Humpback.Tests.ConfigurationTest, Humpback.Tests, Version=1.0.0.0, Culture=neutral, PublicKeyToken=null" name="BasicSqlTest2" />
    </UnitTest>
    <UnitTest name="GeneratorAddReferenceColumnTest" storage="c:\projects\humpback\humpback.tests\bin\debug\humpback.tests.dll" id="eea9a346-9943-e3ff-416c-0311a8030615">
      <Execution id="bdfed5c9-7898-4f02-aec5-27c135b630ef" />
      <TestMethod codeBase="C:/Projects/Humpback/Humpback.Tests/bin/Debug/Humpback.Tests.DLL" adapterTypeName="Microsoft.VisualStudio.TestTools.TestTypes.Unit.UnitTestAdapter, Microsoft.VisualStudio.QualityTools.Tips.UnitTest.Adapter, Version=10.0.0.0, Culture=neutral, PublicKeyToken=b03f5f7f11d50a3a" className="Humpback.Tests.GeneratorTest, Humpback.Tests, Version=1.0.0.0, Culture=neutral, PublicKeyToken=null" name="GeneratorAddReferenceColumnTest" />
    </UnitTest>
    <UnitTest name="HelpModifierTest_Generate" storage="c:\projects\humpback\humpback.tests\bin\debug\humpback.tests.dll" id="90590812-d0cd-47d6-f358-c315d0722334">
      <Execution id="ed064f77-3cef-40e0-8da6-b5ffec1244f5" />
      <TestMethod codeBase="C:/Projects/Humpback/Humpback.Tests/bin/Debug/Humpback.Tests.DLL" adapterTypeName="Microsoft.VisualStudio.TestTools.TestTypes.Unit.UnitTestAdapter, Microsoft.VisualStudio.QualityTools.Tips.UnitTest.Adapter, Version=10.0.0.0, Culture=neutral, PublicKeyToken=b03f5f7f11d50a3a" className="Humpback.Tests.ConfigurationTest, Humpback.Tests, Version=1.0.0.0, Culture=neutral, PublicKeyToken=null" name="HelpModifierTest_Generate" />
    </UnitTest>
    <UnitTest name="HelpModifierTest_Sql" storage="c:\projects\humpback\humpback.tests\bin\debug\humpback.tests.dll" id="5e541083-8183-1e9e-0c99-d0d43511a838">
      <Execution id="2685b3d6-53c2-43ee-bfc8-9af5c6f51e02" />
      <TestMethod codeBase="C:/Projects/Humpback/Humpback.Tests/bin/Debug/Humpback.Tests.DLL" adapterTypeName="Microsoft.VisualStudio.TestTools.TestTypes.Unit.UnitTestAdapter, Microsoft.VisualStudio.QualityTools.Tips.UnitTest.Adapter, Version=10.0.0.0, Culture=neutral, PublicKeyToken=b03f5f7f11d50a3a" className="Humpback.Tests.ConfigurationTest, Humpback.Tests, Version=1.0.0.0, Culture=neutral, PublicKeyToken=null" name="HelpModifierTest_Sql" />
    </UnitTest>
    <UnitTest name="GenerateTest_CreateTable" storage="c:\projects\humpback\humpback.tests\bin\debug\humpback.tests.dll" id="ada74037-4e7b-b673-a356-32752802c102">
      <Execution id="39e5eeab-917d-41b4-b6b7-ccd443941985" />
      <TestMethod codeBase="C:/Projects/Humpback/Humpback.Tests/bin/Debug/Humpback.Tests.DLL" adapterTypeName="Microsoft.VisualStudio.TestTools.TestTypes.Unit.UnitTestAdapter, Microsoft.VisualStudio.QualityTools.Tips.UnitTest.Adapter, Version=10.0.0.0, Culture=neutral, PublicKeyToken=b03f5f7f11d50a3a" className="Humpback.Tests.ConfigurationTest, Humpback.Tests, Version=1.0.0.0, Culture=neutral, PublicKeyToken=null" name="GenerateTest_CreateTable" />
    </UnitTest>
    <UnitTest name="HelpTestDash" storage="c:\projects\humpback\humpback.tests\bin\debug\humpback.tests.dll" id="3aa6cae7-870d-5dc1-6dfc-f66069c5d485">
      <Execution id="9256f63c-cc46-461b-bf17-9887d5529b33" />
      <TestMethod codeBase="C:/Projects/Humpback/Humpback.Tests/bin/Debug/Humpback.Tests.DLL" adapterTypeName="Microsoft.VisualStudio.TestTools.TestTypes.Unit.UnitTestAdapter, Microsoft.VisualStudio.QualityTools.Tips.UnitTest.Adapter, Version=10.0.0.0, Culture=neutral, PublicKeyToken=b03f5f7f11d50a3a" className="Humpback.Tests.ConfigurationTest, Humpback.Tests, Version=1.0.0.0, Culture=neutral, PublicKeyToken=null" name="HelpTestDash" />
    </UnitTest>
    <UnitTest name="HelpTest_h" storage="c:\projects\humpback\humpback.tests\bin\debug\humpback.tests.dll" id="0356bc7f-811f-e594-9294-69e99427592b">
      <Execution id="e7a83772-30f8-4ca3-8a28-0fb0fe154d34" />
      <TestMethod codeBase="C:/Projects/Humpback/Humpback.Tests/bin/Debug/Humpback.Tests.DLL" adapterTypeName="Microsoft.VisualStudio.TestTools.TestTypes.Unit.UnitTestAdapter, Microsoft.VisualStudio.QualityTools.Tips.UnitTest.Adapter, Version=10.0.0.0, Culture=neutral, PublicKeyToken=b03f5f7f11d50a3a" className="Humpback.Tests.ConfigurationTest, Humpback.Tests, Version=1.0.0.0, Culture=neutral, PublicKeyToken=null" name="HelpTest_h" />
    </UnitTest>
    <UnitTest name="GeneratorAddTableNoColumnsSpecified" storage="c:\projects\humpback\humpback.tests\bin\debug\humpback.tests.dll" id="e3d50d12-abab-4c5b-f710-5f3f1de8b01b">
      <Execution id="9d096320-d095-4a3c-8dc1-a2b707692a52" />
      <TestMethod codeBase="C:/Projects/Humpback/Humpback.Tests/bin/Debug/Humpback.Tests.DLL" adapterTypeName="Microsoft.VisualStudio.TestTools.TestTypes.Unit.UnitTestAdapter, Microsoft.VisualStudio.QualityTools.Tips.UnitTest.Adapter, Version=10.0.0.0, Culture=neutral, PublicKeyToken=b03f5f7f11d50a3a" className="Humpback.Tests.GeneratorTest, Humpback.Tests, Version=1.0.0.0, Culture=neutral, PublicKeyToken=null" name="GeneratorAddTableNoColumnsSpecified" />
    </UnitTest>
    <UnitTest name="GeneratorAddSingleColumnTestDuplicateTo" storage="c:\projects\humpback\humpback.tests\bin\debug\humpback.tests.dll" id="90f97baa-3070-9016-3865-a65e9e00b567">
      <Execution id="d13c54a1-882b-4537-b65c-0c266ac9a0d1" />
      <TestMethod codeBase="C:/Projects/Humpback/Humpback.Tests/bin/Debug/Humpback.Tests.DLL" adapterTypeName="Microsoft.VisualStudio.TestTools.TestTypes.Unit.UnitTestAdapter, Microsoft.VisualStudio.QualityTools.Tips.UnitTest.Adapter, Version=10.0.0.0, Culture=neutral, PublicKeyToken=b03f5f7f11d50a3a" className="Humpback.Tests.GeneratorTest, Humpback.Tests, Version=1.0.0.0, Culture=neutral, PublicKeyToken=null" name="GeneratorAddSingleColumnTestDuplicateTo" />
    </UnitTest>
    <UnitTest name="ConfigurationConstructorTestNullConstructorParam" storage="c:\projects\humpback\humpback.tests\bin\debug\humpback.tests.dll" id="a48aa486-0eb9-1571-ae7a-ae83f5502512">
      <Execution id="434efb5a-1c87-4b11-bc3c-56c13d75d2b4" />
      <TestMethod codeBase="C:/Projects/Humpback/Humpback.Tests/bin/Debug/Humpback.Tests.DLL" adapterTypeName="Microsoft.VisualStudio.TestTools.TestTypes.Unit.UnitTestAdapter, Microsoft.VisualStudio.QualityTools.Tips.UnitTest.Adapter, Version=10.0.0.0, Culture=neutral, PublicKeyToken=b03f5f7f11d50a3a" className="Humpback.Tests.ConfigurationTest, Humpback.Tests, Version=1.0.0.0, Culture=neutral, PublicKeyToken=null" name="ConfigurationConstructorTestNullConstructorParam" />
    </UnitTest>
    <UnitTest name="HelpModifierTest_L" storage="c:\projects\humpback\humpback.tests\bin\debug\humpback.tests.dll" id="70f03247-8a89-43a1-08ac-8bf7b89adba6">
      <Execution id="1cc4bf70-d0eb-4912-9f0c-2e07a6fa9812" />
      <TestMethod codeBase="C:/Projects/Humpback/Humpback.Tests/bin/Debug/Humpback.Tests.DLL" adapterTypeName="Microsoft.VisualStudio.TestTools.TestTypes.Unit.UnitTestAdapter, Microsoft.VisualStudio.QualityTools.Tips.UnitTest.Adapter, Version=10.0.0.0, Culture=neutral, PublicKeyToken=b03f5f7f11d50a3a" className="Humpback.Tests.ConfigurationTest, Humpback.Tests, Version=1.0.0.0, Culture=neutral, PublicKeyToken=null" name="HelpModifierTest_L" />
    </UnitTest>
    <UnitTest name="EnvironmentTestRemove" storage="c:\projects\humpback\humpback.tests\bin\debug\humpback.tests.dll" id="b8b4c87a-5edf-cb32-37de-b42575b67aae">
      <Execution id="54f4e5f7-5c6a-449f-adfb-c0461a5bedfa" />
      <TestMethod codeBase="C:/Projects/Humpback/Humpback.Tests/bin/Debug/Humpback.Tests.DLL" adapterTypeName="Microsoft.VisualStudio.TestTools.TestTypes.Unit.UnitTestAdapter, Microsoft.VisualStudio.QualityTools.Tips.UnitTest.Adapter, Version=10.0.0.0, Culture=neutral, PublicKeyToken=b03f5f7f11d50a3a" className="Humpback.Tests.ConfigurationTest, Humpback.Tests, Version=1.0.0.0, Culture=neutral, PublicKeyToken=null" name="EnvironmentTestRemove" />
    </UnitTest>
    <UnitTest name="GeneratorDropIndexTest" storage="c:\projects\humpback\humpback.tests\bin\debug\humpback.tests.dll" id="a32922e2-f1df-7982-29dc-57f3885bc9ec">
      <Execution id="a3752d97-03d0-4865-9a7c-4f8b08d08fe8" />
      <TestMethod codeBase="C:/Projects/Humpback/Humpback.Tests/bin/Debug/Humpback.Tests.DLL" adapterTypeName="Microsoft.VisualStudio.TestTools.TestTypes.Unit.UnitTestAdapter, Microsoft.VisualStudio.QualityTools.Tips.UnitTest.Adapter, Version=10.0.0.0, Culture=neutral, PublicKeyToken=b03f5f7f11d50a3a" className="Humpback.Tests.GeneratorTest, Humpback.Tests, Version=1.0.0.0, Culture=neutral, PublicKeyToken=null" name="GeneratorDropIndexTest" />
    </UnitTest>
    <UnitTest name="GeneratorAddMultipleColumnTest" storage="c:\projects\humpback\humpback.tests\bin\debug\humpback.tests.dll" id="e3746a4e-3caf-94de-d5a9-64823fac0d7b">
      <Execution id="a006749d-69ab-41b1-9c53-3fd25fc0d3f7" />
      <TestMethod codeBase="C:/Projects/Humpback/Humpback.Tests/bin/Debug/Humpback.Tests.DLL" adapterTypeName="Microsoft.VisualStudio.TestTools.TestTypes.Unit.UnitTestAdapter, Microsoft.VisualStudio.QualityTools.Tips.UnitTest.Adapter, Version=10.0.0.0, Culture=neutral, PublicKeyToken=b03f5f7f11d50a3a" className="Humpback.Tests.GeneratorTest, Humpback.Tests, Version=1.0.0.0, Culture=neutral, PublicKeyToken=null" name="GeneratorAddMultipleColumnTest" />
    </UnitTest>
    <UnitTest name="TestGeneratePlainSQLStringArray" storage="c:\projects\humpback\humpback.tests\bin\debug\humpback.tests.dll" id="67302ab4-5dc8-75b9-8b54-6f42f8cae66b">
      <Execution id="ac021c0f-532b-4eff-8ab2-4dc1edbf690e" />
      <TestMethod codeBase="C:/Projects/Humpback/Humpback.Tests/bin/Debug/Humpback.Tests.DLL" adapterTypeName="Microsoft.VisualStudio.TestTools.TestTypes.Unit.UnitTestAdapter, Microsoft.VisualStudio.QualityTools.Tips.UnitTest.Adapter, Version=10.0.0.0, Culture=neutral, PublicKeyToken=b03f5f7f11d50a3a" className="Humpback.Tests.SQLGeneratorTests, Humpback.Tests, Version=1.0.0.0, Culture=neutral, PublicKeyToken=null" name="TestGeneratePlainSQLStringArray" />
    </UnitTest>
    <UnitTest name="HelpModifierTest_List" storage="c:\projects\humpback\humpback.tests\bin\debug\humpback.tests.dll" id="dbcb9613-54a5-05d2-9009-31ab037ddbcd">
      <Execution id="01a0b5b2-19bd-435c-b543-d6dadbc81b86" />
      <TestMethod codeBase="C:/Projects/Humpback/Humpback.Tests/bin/Debug/Humpback.Tests.DLL" adapterTypeName="Microsoft.VisualStudio.TestTools.TestTypes.Unit.UnitTestAdapter, Microsoft.VisualStudio.QualityTools.Tips.UnitTest.Adapter, Version=10.0.0.0, Culture=neutral, PublicKeyToken=b03f5f7f11d50a3a" className="Humpback.Tests.ConfigurationTest, Humpback.Tests, Version=1.0.0.0, Culture=neutral, PublicKeyToken=null" name="HelpModifierTest_List" />
    </UnitTest>
    <UnitTest name="BasicSqlTest3" storage="c:\projects\humpback\humpback.tests\bin\debug\humpback.tests.dll" id="9efa9754-2bd6-6a4e-e57a-a525ac22479a">
      <Execution id="417b578e-e21a-421a-a0f9-846fae28d7d8" />
      <TestMethod codeBase="C:/Projects/Humpback/Humpback.Tests/bin/Debug/Humpback.Tests.DLL" adapterTypeName="Microsoft.VisualStudio.TestTools.TestTypes.Unit.UnitTestAdapter, Microsoft.VisualStudio.QualityTools.Tips.UnitTest.Adapter, Version=10.0.0.0, Culture=neutral, PublicKeyToken=b03f5f7f11d50a3a" className="Humpback.Tests.ConfigurationTest, Humpback.Tests, Version=1.0.0.0, Culture=neutral, PublicKeyToken=null" name="BasicSqlTest3" />
    </UnitTest>
    <UnitTest name="BasicGenerateTest" storage="c:\projects\humpback\humpback.tests\bin\debug\humpback.tests.dll" id="cc3c90a7-a6c8-747e-feb1-95a067a4287c">
      <Execution id="09c438e8-9cba-4d16-bd81-54ab02583c92" />
      <TestMethod codeBase="C:/Projects/Humpback/Humpback.Tests/bin/Debug/Humpback.Tests.DLL" adapterTypeName="Microsoft.VisualStudio.TestTools.TestTypes.Unit.UnitTestAdapter, Microsoft.VisualStudio.QualityTools.Tips.UnitTest.Adapter, Version=10.0.0.0, Culture=neutral, PublicKeyToken=b03f5f7f11d50a3a" className="Humpback.Tests.ConfigurationTest, Humpback.Tests, Version=1.0.0.0, Culture=neutral, PublicKeyToken=null" name="BasicGenerateTest" />
    </UnitTest>
    <UnitTest name="SqlFormatterAddColumnTest" storage="c:\projects\humpback\humpback.tests\bin\debug\humpback.tests.dll" id="7b132a8e-2b56-7bd7-f605-35a2acab7b8e">
      <Execution id="e0e5e3a0-7318-4b75-962f-cb6525ec3d80" />
      <TestMethod codeBase="C:/Projects/Humpback/Humpback.Tests/bin/Debug/Humpback.Tests.DLL" adapterTypeName="Microsoft.VisualStudio.TestTools.TestTypes.Unit.UnitTestAdapter, Microsoft.VisualStudio.QualityTools.Tips.UnitTest.Adapter, Version=10.0.0.0, Culture=neutral, PublicKeyToken=b03f5f7f11d50a3a" className="Humpback.Tests.SQLServerFormatterTest, Humpback.Tests, Version=1.0.0.0, Culture=neutral, PublicKeyToken=null" name="SqlFormatterAddColumnTest" />
    </UnitTest>
    <UnitTest name="EnvironmentTestAdd" storage="c:\projects\humpback\humpback.tests\bin\debug\humpback.tests.dll" id="b2badb01-a4d3-5bb4-c5c8-e59600e727e6">
      <Execution id="0d94a288-b20b-4e52-9cab-c6bd076f4daa" />
      <TestMethod codeBase="C:/Projects/Humpback/Humpback.Tests/bin/Debug/Humpback.Tests.DLL" adapterTypeName="Microsoft.VisualStudio.TestTools.TestTypes.Unit.UnitTestAdapter, Microsoft.VisualStudio.QualityTools.Tips.UnitTest.Adapter, Version=10.0.0.0, Culture=neutral, PublicKeyToken=b03f5f7f11d50a3a" className="Humpback.Tests.ConfigurationTest, Humpback.Tests, Version=1.0.0.0, Culture=neutral, PublicKeyToken=null" name="EnvironmentTestAdd" />
    </UnitTest>
    <UnitTest name="SqlFormatterAddTableReferenceTest" storage="c:\projects\humpback\humpback.tests\bin\debug\humpback.tests.dll" id="d9c6079b-83c7-f50c-b1b8-59be9fe5c717">
      <Execution id="83d3bf40-5313-430b-ba57-d87f1e54583f" />
      <TestMethod codeBase="C:/Projects/Humpback/Humpback.Tests/bin/Debug/Humpback.Tests.DLL" adapterTypeName="Microsoft.VisualStudio.TestTools.TestTypes.Unit.UnitTestAdapter, Microsoft.VisualStudio.QualityTools.Tips.UnitTest.Adapter, Version=10.0.0.0, Culture=neutral, PublicKeyToken=b03f5f7f11d50a3a" className="Humpback.Tests.SQLServerFormatterTest, Humpback.Tests, Version=1.0.0.0, Culture=neutral, PublicKeyToken=null" name="SqlFormatterAddTableReferenceTest" />
    </UnitTest>
    <UnitTest name="SqlFormatterDropTableTest" storage="c:\projects\humpback\humpback.tests\bin\debug\humpback.tests.dll" id="9a492a35-95c4-81bf-5741-83962893c6bd">
      <Execution id="957b1ca9-3533-4e00-b73d-dacfa708fb18" />
      <TestMethod codeBase="C:/Projects/Humpback/Humpback.Tests/bin/Debug/Humpback.Tests.DLL" adapterTypeName="Microsoft.VisualStudio.TestTools.TestTypes.Unit.UnitTestAdapter, Microsoft.VisualStudio.QualityTools.Tips.UnitTest.Adapter, Version=10.0.0.0, Culture=neutral, PublicKeyToken=b03f5f7f11d50a3a" className="Humpback.Tests.SQLServerFormatterTest, Humpback.Tests, Version=1.0.0.0, Culture=neutral, PublicKeyToken=null" name="SqlFormatterDropTableTest" />
    </UnitTest>
    <UnitTest name="TestForStringOnArray" storage="c:\projects\humpback\humpback.tests\bin\debug\humpback.tests.dll" id="8616b539-ff11-f5fa-cddc-12ec76c45a9e">
      <Execution id="3c107f59-dee0-4f93-b99d-724adb120509" />
      <TestMethod codeBase="C:/Projects/Humpback/Humpback.Tests/bin/Debug/Humpback.Tests.DLL" adapterTypeName="Microsoft.VisualStudio.TestTools.TestTypes.Unit.UnitTestAdapter, Microsoft.VisualStudio.QualityTools.Tips.UnitTest.Adapter, Version=10.0.0.0, Culture=neutral, PublicKeyToken=b03f5f7f11d50a3a" className="Humpback.Tests.DynamicTests, Humpback.Tests, Version=1.0.0.0, Culture=neutral, PublicKeyToken=null" name="TestForStringOnArray" />
    </UnitTest>
    <UnitTest name="GeneratorChangeMultipleColumnTest" storage="c:\projects\humpback\humpback.tests\bin\debug\humpback.tests.dll" id="ac0c20c0-6966-79b8-4b6c-7c633eb53e87">
      <Execution id="4d6cacd8-fc4f-4847-8cf5-7773a08364a6" />
      <TestMethod codeBase="C:/Projects/Humpback/Humpback.Tests/bin/Debug/Humpback.Tests.DLL" adapterTypeName="Microsoft.VisualStudio.TestTools.TestTypes.Unit.UnitTestAdapter, Microsoft.VisualStudio.QualityTools.Tips.UnitTest.Adapter, Version=10.0.0.0, Culture=neutral, PublicKeyToken=b03f5f7f11d50a3a" className="Humpback.Tests.GeneratorTest, Humpback.Tests, Version=1.0.0.0, Culture=neutral, PublicKeyToken=null" name="GeneratorChangeMultipleColumnTest" />
    </UnitTest>
    <UnitTest name="TestForArrayOnString" storage="c:\projects\humpback\humpback.tests\bin\debug\humpback.tests.dll" id="71dd6206-1db7-63ae-e0fc-471c5670527e">
      <Execution id="b62e18e1-d7db-406b-bdff-d5e68bdbf886" />
      <TestMethod codeBase="C:/Projects/Humpback/Humpback.Tests/bin/Debug/Humpback.Tests.DLL" adapterTypeName="Microsoft.VisualStudio.TestTools.TestTypes.Unit.UnitTestAdapter, Microsoft.VisualStudio.QualityTools.Tips.UnitTest.Adapter, Version=10.0.0.0, Culture=neutral, PublicKeyToken=b03f5f7f11d50a3a" className="Humpback.Tests.DynamicTests, Humpback.Tests, Version=1.0.0.0, Culture=neutral, PublicKeyToken=null" name="TestForArrayOnString" />
    </UnitTest>
    <UnitTest name="TestGeneratePlainSQLString" storage="c:\projects\humpback\humpback.tests\bin\debug\humpback.tests.dll" id="44f823e3-baf8-a2f1-8bcb-877df097c535">
      <Execution id="cc3f74c2-c2cc-4213-8fa6-7cca8da30f4f" />
      <TestMethod codeBase="C:/Projects/Humpback/Humpback.Tests/bin/Debug/Humpback.Tests.DLL" adapterTypeName="Microsoft.VisualStudio.TestTools.TestTypes.Unit.UnitTestAdapter, Microsoft.VisualStudio.QualityTools.Tips.UnitTest.Adapter, Version=10.0.0.0, Culture=neutral, PublicKeyToken=b03f5f7f11d50a3a" className="Humpback.Tests.SQLGeneratorTests, Humpback.Tests, Version=1.0.0.0, Culture=neutral, PublicKeyToken=null" name="TestGeneratePlainSQLString" />
    </UnitTest>
    <UnitTest name="ConfigurationConstructorTestDefaultConstructor" storage="c:\projects\humpback\humpback.tests\bin\debug\humpback.tests.dll" id="561a8314-b780-173e-57e0-31e74c4df3cf">
      <Execution id="18fa6413-d148-41f3-aa28-442d7d017c33" />
      <TestMethod codeBase="C:/Projects/Humpback/Humpback.Tests/bin/Debug/Humpback.Tests.DLL" adapterTypeName="Microsoft.VisualStudio.TestTools.TestTypes.Unit.UnitTestAdapter, Microsoft.VisualStudio.QualityTools.Tips.UnitTest.Adapter, Version=10.0.0.0, Culture=neutral, PublicKeyToken=b03f5f7f11d50a3a" className="Humpback.Tests.ConfigurationTest, Humpback.Tests, Version=1.0.0.0, Culture=neutral, PublicKeyToken=null" name="ConfigurationConstructorTestDefaultConstructor" />
    </UnitTest>
    <UnitTest name="SqlFormatterDropIndexTest" storage="c:\projects\humpback\humpback.tests\bin\debug\humpback.tests.dll" id="df1cc607-527c-2f80-18f8-81c729911b19">
      <Execution id="8a17ddd4-be6c-4518-91f4-38f9bb2792ff" />
      <TestMethod codeBase="C:/Projects/Humpback/Humpback.Tests/bin/Debug/Humpback.Tests.DLL" adapterTypeName="Microsoft.VisualStudio.TestTools.TestTypes.Unit.UnitTestAdapter, Microsoft.VisualStudio.QualityTools.Tips.UnitTest.Adapter, Version=10.0.0.0, Culture=neutral, PublicKeyToken=b03f5f7f11d50a3a" className="Humpback.Tests.SQLServerFormatterTest, Humpback.Tests, Version=1.0.0.0, Culture=neutral, PublicKeyToken=null" name="SqlFormatterDropIndexTest" />
    </UnitTest>
    <UnitTest name="EnvironmentTestFlavor" storage="c:\projects\humpback\humpback.tests\bin\debug\humpback.tests.dll" id="e5422223-4a43-76a5-9333-72544862540e">
      <Execution id="5e6cc8d8-718a-4bd1-96bf-3e48326802e5" />
      <TestMethod codeBase="C:/Projects/Humpback/Humpback.Tests/bin/Debug/Humpback.Tests.DLL" adapterTypeName="Microsoft.VisualStudio.TestTools.TestTypes.Unit.UnitTestAdapter, Microsoft.VisualStudio.QualityTools.Tips.UnitTest.Adapter, Version=10.0.0.0, Culture=neutral, PublicKeyToken=b03f5f7f11d50a3a" className="Humpback.Tests.ConfigurationTest, Humpback.Tests, Version=1.0.0.0, Culture=neutral, PublicKeyToken=null" name="EnvironmentTestFlavor" />
    </UnitTest>
    <UnitTest name="GeneratorAddTableMultipleColumn" storage="c:\projects\humpback\humpback.tests\bin\debug\humpback.tests.dll" id="7f896794-b7c7-3810-619d-60223efc527e">
      <Execution id="4a2baf04-ae9c-4ac0-a834-3a049a9b7c31" />
      <TestMethod codeBase="C:/Projects/Humpback/Humpback.Tests/bin/Debug/Humpback.Tests.DLL" adapterTypeName="Microsoft.VisualStudio.TestTools.TestTypes.Unit.UnitTestAdapter, Microsoft.VisualStudio.QualityTools.Tips.UnitTest.Adapter, Version=10.0.0.0, Culture=neutral, PublicKeyToken=b03f5f7f11d50a3a" className="Humpback.Tests.GeneratorTest, Humpback.Tests, Version=1.0.0.0, Culture=neutral, PublicKeyToken=null" name="GeneratorAddTableMultipleColumn" />
    </UnitTest>
    <UnitTest name="HelpModifierTest_S_and_Ensure_Run_Off" storage="c:\projects\humpback\humpback.tests\bin\debug\humpback.tests.dll" id="d36c404f-9cbf-9a72-0ca6-674693b7650a">
      <Execution id="c32e6403-72a6-489f-9a97-78e092a54ce4" />
      <TestMethod codeBase="C:/Projects/Humpback/Humpback.Tests/bin/Debug/Humpback.Tests.DLL" adapterTypeName="Microsoft.VisualStudio.TestTools.TestTypes.Unit.UnitTestAdapter, Microsoft.VisualStudio.QualityTools.Tips.UnitTest.Adapter, Version=10.0.0.0, Culture=neutral, PublicKeyToken=b03f5f7f11d50a3a" className="Humpback.Tests.ConfigurationTest, Humpback.Tests, Version=1.0.0.0, Culture=neutral, PublicKeyToken=null" name="HelpModifierTest_S_and_Ensure_Run_Off" />
    </UnitTest>
    <UnitTest name="GeneratorAddSingleColumnTest" storage="c:\projects\humpback\humpback.tests\bin\debug\humpback.tests.dll" id="f06f0d8c-2149-231d-5806-47e9c07d846e">
      <Execution id="68662a2e-76aa-47a6-abcf-f9a4d9dfc9f9" />
      <TestMethod codeBase="C:/Projects/Humpback/Humpback.Tests/bin/Debug/Humpback.Tests.DLL" adapterTypeName="Microsoft.VisualStudio.TestTools.TestTypes.Unit.UnitTestAdapter, Microsoft.VisualStudio.QualityTools.Tips.UnitTest.Adapter, Version=10.0.0.0, Culture=neutral, PublicKeyToken=b03f5f7f11d50a3a" className="Humpback.Tests.GeneratorTest, Humpback.Tests, Version=1.0.0.0, Culture=neutral, PublicKeyToken=null" name="GeneratorAddSingleColumnTest" />
    </UnitTest>
    <UnitTest name="SqlFormatterAddColumnReferenceTest" storage="c:\projects\humpback\humpback.tests\bin\debug\humpback.tests.dll" id="817536ec-3ac9-c694-54db-1da1a386b924">
      <Execution id="53493558-007d-4999-9bf9-c6cfc009a77c" />
      <TestMethod codeBase="C:/Projects/Humpback/Humpback.Tests/bin/Debug/Humpback.Tests.DLL" adapterTypeName="Microsoft.VisualStudio.TestTools.TestTypes.Unit.UnitTestAdapter, Microsoft.VisualStudio.QualityTools.Tips.UnitTest.Adapter, Version=10.0.0.0, Culture=neutral, PublicKeyToken=b03f5f7f11d50a3a" className="Humpback.Tests.SQLServerFormatterTest, Humpback.Tests, Version=1.0.0.0, Culture=neutral, PublicKeyToken=null" name="SqlFormatterAddColumnReferenceTest" />
    </UnitTest>
    <UnitTest name="HelpModifierTest_G" storage="c:\projects\humpback\humpback.tests\bin\debug\humpback.tests.dll" id="311db638-4b68-3900-bf42-4b797187ac8a">
      <Execution id="2f94397d-388d-4515-88d1-65d07ebc7879" />
      <TestMethod codeBase="C:/Projects/Humpback/Humpback.Tests/bin/Debug/Humpback.Tests.DLL" adapterTypeName="Microsoft.VisualStudio.TestTools.TestTypes.Unit.UnitTestAdapter, Microsoft.VisualStudio.QualityTools.Tips.UnitTest.Adapter, Version=10.0.0.0, Culture=neutral, PublicKeyToken=b03f5f7f11d50a3a" className="Humpback.Tests.ConfigurationTest, Humpback.Tests, Version=1.0.0.0, Culture=neutral, PublicKeyToken=null" name="HelpModifierTest_G" />
    </UnitTest>
    <UnitTest name="GeneratorRemoveColumn" storage="c:\projects\humpback\humpback.tests\bin\debug\humpback.tests.dll" id="e493e469-79fd-ce9c-3be1-757f4015d392">
      <Execution id="62e8f411-5581-4b46-becd-927e2612a569" />
      <TestMethod codeBase="C:/Projects/Humpback/Humpback.Tests/bin/Debug/Humpback.Tests.DLL" adapterTypeName="Microsoft.VisualStudio.TestTools.TestTypes.Unit.UnitTestAdapter, Microsoft.VisualStudio.QualityTools.Tips.UnitTest.Adapter, Version=10.0.0.0, Culture=neutral, PublicKeyToken=b03f5f7f11d50a3a" className="Humpback.Tests.GeneratorTest, Humpback.Tests, Version=1.0.0.0, Culture=neutral, PublicKeyToken=null" name="GeneratorRemoveColumn" />
    </UnitTest>
    <UnitTest name="GenerateTest" storage="c:\projects\humpback\humpback.tests\bin\debug\humpback.tests.dll" id="7eda8c0b-4083-4def-9614-a659eccc9620">
      <Execution id="8a17eac8-3638-4039-9865-978d18c47eb3" />
      <TestMethod codeBase="C:/Projects/Humpback/Humpback.Tests/bin/Debug/Humpback.Tests.DLL" adapterTypeName="Microsoft.VisualStudio.TestTools.TestTypes.Unit.UnitTestAdapter, Microsoft.VisualStudio.QualityTools.Tips.UnitTest.Adapter, Version=10.0.0.0, Culture=neutral, PublicKeyToken=b03f5f7f11d50a3a" className="Humpback.Tests.ConfigurationTest, Humpback.Tests, Version=1.0.0.0, Culture=neutral, PublicKeyToken=null" name="GenerateTest" />
    </UnitTest>
    <UnitTest name="BasicGenerateErrorTest" storage="c:\projects\humpback\humpback.tests\bin\debug\humpback.tests.dll" id="bb1a840f-7c75-47b3-fb81-a8b38c6bbd4f">
      <Execution id="21158207-1539-4d89-811c-f685a3476c12" />
      <TestMethod codeBase="C:/Projects/Humpback/Humpback.Tests/bin/Debug/Humpback.Tests.DLL" adapterTypeName="Microsoft.VisualStudio.TestTools.TestTypes.Unit.UnitTestAdapter, Microsoft.VisualStudio.QualityTools.Tips.UnitTest.Adapter, Version=10.0.0.0, Culture=neutral, PublicKeyToken=b03f5f7f11d50a3a" className="Humpback.Tests.ConfigurationTest, Humpback.Tests, Version=1.0.0.0, Culture=neutral, PublicKeyToken=null" name="BasicGenerateErrorTest" />
    </UnitTest>
    <UnitTest name="HelpModifierTest_R" storage="c:\projects\humpback\humpback.tests\bin\debug\humpback.tests.dll" id="289d24b8-7498-9a77-6aaf-02719bbf6dbf">
      <Execution id="79c81e87-da63-4bc0-8fd7-2f4a06e86b7b" />
      <TestMethod codeBase="C:/Projects/Humpback/Humpback.Tests/bin/Debug/Humpback.Tests.DLL" adapterTypeName="Microsoft.VisualStudio.TestTools.TestTypes.Unit.UnitTestAdapter, Microsoft.VisualStudio.QualityTools.Tips.UnitTest.Adapter, Version=10.0.0.0, Culture=neutral, PublicKeyToken=b03f5f7f11d50a3a" className="Humpback.Tests.ConfigurationTest, Humpback.Tests, Version=1.0.0.0, Culture=neutral, PublicKeyToken=null" name="HelpModifierTest_R" />
    </UnitTest>
    <UnitTest name="EnvironmentTestDir" storage="c:\projects\humpback\humpback.tests\bin\debug\humpback.tests.dll" id="4ec5d776-a082-2b7a-d6be-4f76f8d00f67">
      <Execution id="edb4ba35-eee4-453e-a9e2-8cbeefbd3980" />
      <TestMethod codeBase="C:/Projects/Humpback/Humpback.Tests/bin/Debug/Humpback.Tests.DLL" adapterTypeName="Microsoft.VisualStudio.TestTools.TestTypes.Unit.UnitTestAdapter, Microsoft.VisualStudio.QualityTools.Tips.UnitTest.Adapter, Version=10.0.0.0, Culture=neutral, PublicKeyToken=b03f5f7f11d50a3a" className="Humpback.Tests.ConfigurationTest, Humpback.Tests, Version=1.0.0.0, Culture=neutral, PublicKeyToken=null" name="EnvironmentTestDir" />
    </UnitTest>
    <UnitTest name="HelpModifierTest_Run" storage="c:\projects\humpback\humpback.tests\bin\debug\humpback.tests.dll" id="0bd60c8b-330c-58f9-5cd5-451e64e5064d">
      <Execution id="3625be1d-3aa7-4a53-b97a-ee811ab69a57" />
      <TestMethod codeBase="C:/Projects/Humpback/Humpback.Tests/bin/Debug/Humpback.Tests.DLL" adapterTypeName="Microsoft.VisualStudio.TestTools.TestTypes.Unit.UnitTestAdapter, Microsoft.VisualStudio.QualityTools.Tips.UnitTest.Adapter, Version=10.0.0.0, Culture=neutral, PublicKeyToken=b03f5f7f11d50a3a" className="Humpback.Tests.ConfigurationTest, Humpback.Tests, Version=1.0.0.0, Culture=neutral, PublicKeyToken=null" name="HelpModifierTest_Run" />
    </UnitTest>
    <UnitTest name="GenerateTest_ModifyTable" storage="c:\projects\humpback\humpback.tests\bin\debug\humpback.tests.dll" id="669bad0e-ab50-8768-3d79-24a420607811">
      <Execution id="c3f9e0cf-dc38-465c-9ced-56dc262e2a3e" />
      <TestMethod codeBase="C:/Projects/Humpback/Humpback.Tests/bin/Debug/Humpback.Tests.DLL" adapterTypeName="Microsoft.VisualStudio.TestTools.TestTypes.Unit.UnitTestAdapter, Microsoft.VisualStudio.QualityTools.Tips.UnitTest.Adapter, Version=10.0.0.0, Culture=neutral, PublicKeyToken=b03f5f7f11d50a3a" className="Humpback.Tests.ConfigurationTest, Humpback.Tests, Version=1.0.0.0, Culture=neutral, PublicKeyToken=null" name="GenerateTest_ModifyTable" />
    </UnitTest>
    <UnitTest name="TestGeneratePlainSQLStringArrayDown" storage="c:\projects\humpback\humpback.tests\bin\debug\humpback.tests.dll" id="e2673458-a0dd-29e1-8ae8-ec51fe236682">
      <Execution id="698f846b-d89d-42e3-8ec6-c6c71126118f" />
      <TestMethod codeBase="C:/Projects/Humpback/Humpback.Tests/bin/Debug/Humpback.Tests.DLL" adapterTypeName="Microsoft.VisualStudio.TestTools.TestTypes.Unit.UnitTestAdapter, Microsoft.VisualStudio.QualityTools.Tips.UnitTest.Adapter, Version=10.0.0.0, Culture=neutral, PublicKeyToken=b03f5f7f11d50a3a" className="Humpback.Tests.SQLGeneratorTests, Humpback.Tests, Version=1.0.0.0, Culture=neutral, PublicKeyToken=null" name="TestGeneratePlainSQLStringArrayDown" />
    </UnitTest>
    <UnitTest name="SqlFormatterDrop2TableTest" storage="c:\projects\humpback\humpback.tests\bin\debug\humpback.tests.dll" id="53bdf8b3-0cb0-c5cc-f9bd-dc976049c613">
      <Execution id="0b1ef5ce-cc66-4f05-a0da-ece493a63cb4" />
      <TestMethod codeBase="C:/Projects/Humpback/Humpback.Tests/bin/Debug/Humpback.Tests.DLL" adapterTypeName="Microsoft.VisualStudio.TestTools.TestTypes.Unit.UnitTestAdapter, Microsoft.VisualStudio.QualityTools.Tips.UnitTest.Adapter, Version=10.0.0.0, Culture=neutral, PublicKeyToken=b03f5f7f11d50a3a" className="Humpback.Tests.SQLServerFormatterTest, Humpback.Tests, Version=1.0.0.0, Culture=neutral, PublicKeyToken=null" name="SqlFormatterDrop2TableTest" />
    </UnitTest>
    <UnitTest name="EnvironmentTestRename" storage="c:\projects\humpback\humpback.tests\bin\debug\humpback.tests.dll" id="1b8a7801-d82d-1746-889b-a337f48ed4dd">
      <Execution id="395b0552-3a3c-47b4-a5b9-326375a8034e" />
      <TestMethod codeBase="C:/Projects/Humpback/Humpback.Tests/bin/Debug/Humpback.Tests.DLL" adapterTypeName="Microsoft.VisualStudio.TestTools.TestTypes.Unit.UnitTestAdapter, Microsoft.VisualStudio.QualityTools.Tips.UnitTest.Adapter, Version=10.0.0.0, Culture=neutral, PublicKeyToken=b03f5f7f11d50a3a" className="Humpback.Tests.ConfigurationTest, Humpback.Tests, Version=1.0.0.0, Culture=neutral, PublicKeyToken=null" name="EnvironmentTestRename" />
    </UnitTest>
    <UnitTest name="BasicRunTest" storage="c:\projects\humpback\humpback.tests\bin\debug\humpback.tests.dll" id="6085e726-dd8d-693b-9aae-ed39953bc073">
      <Execution id="554ba83d-190b-44d2-8849-71c80de89983" />
      <TestMethod codeBase="C:/Projects/Humpback/Humpback.Tests/bin/Debug/Humpback.Tests.DLL" adapterTypeName="Microsoft.VisualStudio.TestTools.TestTypes.Unit.UnitTestAdapter, Microsoft.VisualStudio.QualityTools.Tips.UnitTest.Adapter, Version=10.0.0.0, Culture=neutral, PublicKeyToken=b03f5f7f11d50a3a" className="Humpback.Tests.ConfigurationTest, Humpback.Tests, Version=1.0.0.0, Culture=neutral, PublicKeyToken=null" name="BasicRunTest" />
    </UnitTest>
    <UnitTest name="GeneratorAddIndexTest" storage="c:\projects\humpback\humpback.tests\bin\debug\humpback.tests.dll" id="82bd9517-f389-4445-1fce-8aa42a855b86">
      <Execution id="a94b014c-2ba2-4765-b98a-86b90b9faac9" />
      <TestMethod codeBase="C:/Projects/Humpback/Humpback.Tests/bin/Debug/Humpback.Tests.DLL" adapterTypeName="Microsoft.VisualStudio.TestTools.TestTypes.Unit.UnitTestAdapter, Microsoft.VisualStudio.QualityTools.Tips.UnitTest.Adapter, Version=10.0.0.0, Culture=neutral, PublicKeyToken=b03f5f7f11d50a3a" className="Humpback.Tests.GeneratorTest, Humpback.Tests, Version=1.0.0.0, Culture=neutral, PublicKeyToken=null" name="GeneratorAddIndexTest" />
    </UnitTest>
    <UnitTest name="HelpTest_HELP" storage="c:\projects\humpback\humpback.tests\bin\debug\humpback.tests.dll" id="f7bb9a21-a4c3-3fc0-8813-25cea4ce6edc">
      <Execution id="5298de34-3a53-438b-941f-55f907227cbe" />
      <TestMethod codeBase="C:/Projects/Humpback/Humpback.Tests/bin/Debug/Humpback.Tests.DLL" adapterTypeName="Microsoft.VisualStudio.TestTools.TestTypes.Unit.UnitTestAdapter, Microsoft.VisualStudio.QualityTools.Tips.UnitTest.Adapter, Version=10.0.0.0, Culture=neutral, PublicKeyToken=b03f5f7f11d50a3a" className="Humpback.Tests.ConfigurationTest, Humpback.Tests, Version=1.0.0.0, Culture=neutral, PublicKeyToken=null" name="HelpTest_HELP" />
    </UnitTest>
    <UnitTest name="GeneratorChangeSingleColumnTest" storage="c:\projects\humpback\humpback.tests\bin\debug\humpback.tests.dll" id="a97753fc-8cb0-87d5-3a02-f49b1a000a2a">
      <Execution id="3204091e-0b73-4388-97c4-81b85b0cf4f9" />
      <TestMethod codeBase="C:/Projects/Humpback/Humpback.Tests/bin/Debug/Humpback.Tests.DLL" adapterTypeName="Microsoft.VisualStudio.TestTools.TestTypes.Unit.UnitTestAdapter, Microsoft.VisualStudio.QualityTools.Tips.UnitTest.Adapter, Version=10.0.0.0, Culture=neutral, PublicKeyToken=b03f5f7f11d50a3a" className="Humpback.Tests.GeneratorTest, Humpback.Tests, Version=1.0.0.0, Culture=neutral, PublicKeyToken=null" name="GeneratorChangeSingleColumnTest" />
    </UnitTest>
    <UnitTest name="EnvironmentTestConnectionString" storage="c:\projects\humpback\humpback.tests\bin\debug\humpback.tests.dll" id="a5719ce4-6290-8d0e-bbaa-fb0f4cae04cb">
      <Execution id="a8820294-8e2c-4b91-85de-12d111ed2d72" />
      <TestMethod codeBase="C:/Projects/Humpback/Humpback.Tests/bin/Debug/Humpback.Tests.DLL" adapterTypeName="Microsoft.VisualStudio.TestTools.TestTypes.Unit.UnitTestAdapter, Microsoft.VisualStudio.QualityTools.Tips.UnitTest.Adapter, Version=10.0.0.0, Culture=neutral, PublicKeyToken=b03f5f7f11d50a3a" className="Humpback.Tests.ConfigurationTest, Humpback.Tests, Version=1.0.0.0, Culture=neutral, PublicKeyToken=null" name="EnvironmentTestConnectionString" />
    </UnitTest>
  </TestDefinitions>
  <TestLists>
    <TestList name="Results Not in a List" id="8c84fa94-04c1-424b-9868-57a2d4851a1d" />
    <TestList name="All Loaded Results" id="19431567-8539-422a-85d7-44ee4e166bda" />
  </TestLists>
  <TestEntries>
    <TestEntry testId="e3d50d12-abab-4c5b-f710-5f3f1de8b01b" executionId="9d096320-d095-4a3c-8dc1-a2b707692a52" testListId="8c84fa94-04c1-424b-9868-57a2d4851a1d" />
    <TestEntry testId="d24e533b-e361-fd8b-5f8c-9fe89753d6c0" executionId="7aec75a9-f483-444d-8a09-3f9703a172f9" testListId="8c84fa94-04c1-424b-9868-57a2d4851a1d" />
    <TestEntry testId="7f896794-b7c7-3810-619d-60223efc527e" executionId="4a2baf04-ae9c-4ac0-a834-3a049a9b7c31" testListId="8c84fa94-04c1-424b-9868-57a2d4851a1d" />
    <TestEntry testId="058de0ad-729f-7726-204c-f9b6197ace80" executionId="65ce92fb-3c62-45f1-a75a-ba8f941f0173" testListId="8c84fa94-04c1-424b-9868-57a2d4851a1d" />
    <TestEntry testId="e493e469-79fd-ce9c-3be1-757f4015d392" executionId="62e8f411-5581-4b46-becd-927e2612a569" testListId="8c84fa94-04c1-424b-9868-57a2d4851a1d" />
    <TestEntry testId="f06f0d8c-2149-231d-5806-47e9c07d846e" executionId="68662a2e-76aa-47a6-abcf-f9a4d9dfc9f9" testListId="8c84fa94-04c1-424b-9868-57a2d4851a1d" />
    <TestEntry testId="b5bbd01e-9ce5-7737-6c5e-33b038bbfcef" executionId="a0fcc6ba-a8ff-483c-90c3-0d63d3fed360" testListId="8c84fa94-04c1-424b-9868-57a2d4851a1d" />
    <TestEntry testId="90f97baa-3070-9016-3865-a65e9e00b567" executionId="d13c54a1-882b-4537-b65c-0c266ac9a0d1" testListId="8c84fa94-04c1-424b-9868-57a2d4851a1d" />
    <TestEntry testId="e3746a4e-3caf-94de-d5a9-64823fac0d7b" executionId="a006749d-69ab-41b1-9c53-3fd25fc0d3f7" testListId="8c84fa94-04c1-424b-9868-57a2d4851a1d" />
    <TestEntry testId="eea9a346-9943-e3ff-416c-0311a8030615" executionId="bdfed5c9-7898-4f02-aec5-27c135b630ef" testListId="8c84fa94-04c1-424b-9868-57a2d4851a1d" />
    <TestEntry testId="a97753fc-8cb0-87d5-3a02-f49b1a000a2a" executionId="3204091e-0b73-4388-97c4-81b85b0cf4f9" testListId="8c84fa94-04c1-424b-9868-57a2d4851a1d" />
    <TestEntry testId="ac0c20c0-6966-79b8-4b6c-7c633eb53e87" executionId="4d6cacd8-fc4f-4847-8cf5-7773a08364a6" testListId="8c84fa94-04c1-424b-9868-57a2d4851a1d" />
    <TestEntry testId="82bd9517-f389-4445-1fce-8aa42a855b86" executionId="a94b014c-2ba2-4765-b98a-86b90b9faac9" testListId="8c84fa94-04c1-424b-9868-57a2d4851a1d" />
    <TestEntry testId="a32922e2-f1df-7982-29dc-57f3885bc9ec" executionId="a3752d97-03d0-4865-9a7c-4f8b08d08fe8" testListId="8c84fa94-04c1-424b-9868-57a2d4851a1d" />
    <TestEntry testId="2a84bd86-8ca4-1eec-bb5f-cdc52d11f0ed" executionId="4b1fd9c4-866c-432c-932d-20c911cf9858" testListId="8c84fa94-04c1-424b-9868-57a2d4851a1d" />
    <TestEntry testId="e7403101-b8a8-6884-112a-c39c176e3e12" executionId="93b0b16c-2b1b-4181-8e7f-2ccab2ffb6a9" testListId="8c84fa94-04c1-424b-9868-57a2d4851a1d" />
    <TestEntry testId="274b4467-35d6-4a34-11dc-f60e719c1a5c" executionId="fc589c17-ac26-4c98-b568-cad8252d2b8e" testListId="8c84fa94-04c1-424b-9868-57a2d4851a1d" />
    <TestEntry testId="932f94f6-db59-e4fb-db9c-4892e9feb731" executionId="3781468c-3e5f-49fc-9e1c-7adebc2348e8" testListId="8c84fa94-04c1-424b-9868-57a2d4851a1d" />
    <TestEntry testId="9a492a35-95c4-81bf-5741-83962893c6bd" executionId="957b1ca9-3533-4e00-b73d-dacfa708fb18" testListId="8c84fa94-04c1-424b-9868-57a2d4851a1d" />
    <TestEntry testId="53bdf8b3-0cb0-c5cc-f9bd-dc976049c613" executionId="0b1ef5ce-cc66-4f05-a0da-ece493a63cb4" testListId="8c84fa94-04c1-424b-9868-57a2d4851a1d" />
    <TestEntry testId="7b132a8e-2b56-7bd7-f605-35a2acab7b8e" executionId="e0e5e3a0-7318-4b75-962f-cb6525ec3d80" testListId="8c84fa94-04c1-424b-9868-57a2d4851a1d" />
    <TestEntry testId="817536ec-3ac9-c694-54db-1da1a386b924" executionId="53493558-007d-4999-9bf9-c6cfc009a77c" testListId="8c84fa94-04c1-424b-9868-57a2d4851a1d" />
    <TestEntry testId="d9c6079b-83c7-f50c-b1b8-59be9fe5c717" executionId="83d3bf40-5313-430b-ba57-d87f1e54583f" testListId="8c84fa94-04c1-424b-9868-57a2d4851a1d" />
    <TestEntry testId="a8a040ac-527d-a3e5-eb1e-6eb6f9128096" executionId="6d37101c-f9bb-4665-8bd9-925437f0b011" testListId="8c84fa94-04c1-424b-9868-57a2d4851a1d" />
    <TestEntry testId="6fa915c5-6ab5-24c3-610a-84f83ee2d7ae" executionId="1d1053c1-b50f-46b4-afba-e01ca149a0df" testListId="8c84fa94-04c1-424b-9868-57a2d4851a1d" />
    <TestEntry testId="c4268f76-efd3-124d-873f-390998bcba88" executionId="1d562716-b084-4145-bfa5-c04a080cd750" testListId="8c84fa94-04c1-424b-9868-57a2d4851a1d" />
    <TestEntry testId="df1cc607-527c-2f80-18f8-81c729911b19" executionId="8a17ddd4-be6c-4518-91f4-38f9bb2792ff" testListId="8c84fa94-04c1-424b-9868-57a2d4851a1d" />
    <TestEntry testId="44f823e3-baf8-a2f1-8bcb-877df097c535" executionId="cc3f74c2-c2cc-4213-8fa6-7cca8da30f4f" testListId="8c84fa94-04c1-424b-9868-57a2d4851a1d" />
    <TestEntry testId="67302ab4-5dc8-75b9-8b54-6f42f8cae66b" executionId="ac021c0f-532b-4eff-8ab2-4dc1edbf690e" testListId="8c84fa94-04c1-424b-9868-57a2d4851a1d" />
    <TestEntry testId="f2fd06d6-bc32-5afa-9fd6-c66d5415c515" executionId="a7d746d3-affc-4500-881e-7312cfd23d01" testListId="8c84fa94-04c1-424b-9868-57a2d4851a1d" />
    <TestEntry testId="e2673458-a0dd-29e1-8ae8-ec51fe236682" executionId="698f846b-d89d-42e3-8ec6-c6c71126118f" testListId="8c84fa94-04c1-424b-9868-57a2d4851a1d" />
    <TestEntry testId="08b5b9c9-6f47-d78c-ccbb-c81dcaf801d4" executionId="b1bd1b10-f8a8-41ec-a470-3659fdd6627c" testListId="8c84fa94-04c1-424b-9868-57a2d4851a1d" />
    <TestEntry testId="71dd6206-1db7-63ae-e0fc-471c5670527e" executionId="b62e18e1-d7db-406b-bdff-d5e68bdbf886" testListId="8c84fa94-04c1-424b-9868-57a2d4851a1d" />
    <TestEntry testId="d5cc0cd9-833d-a38d-dcfc-767927d698f4" executionId="1a950779-74f1-41ef-8c2c-186389f7c239" testListId="8c84fa94-04c1-424b-9868-57a2d4851a1d" />
    <TestEntry testId="8616b539-ff11-f5fa-cddc-12ec76c45a9e" executionId="3c107f59-dee0-4f93-b99d-724adb120509" testListId="8c84fa94-04c1-424b-9868-57a2d4851a1d" />
    <TestEntry testId="20d19967-444e-dc24-b335-97edc08b5909" executionId="b965b220-6191-4e0e-a9aa-3bd896cef4b4" testListId="8c84fa94-04c1-424b-9868-57a2d4851a1d" />
    <TestEntry testId="a48aa486-0eb9-1571-ae7a-ae83f5502512" executionId="434efb5a-1c87-4b11-bc3c-56c13d75d2b4" testListId="8c84fa94-04c1-424b-9868-57a2d4851a1d" />
    <TestEntry testId="561a8314-b780-173e-57e0-31e74c4df3cf" executionId="18fa6413-d148-41f3-aa28-442d7d017c33" testListId="8c84fa94-04c1-424b-9868-57a2d4851a1d" />
    <TestEntry testId="3aa6cae7-870d-5dc1-6dfc-f66069c5d485" executionId="9256f63c-cc46-461b-bf17-9887d5529b33" testListId="8c84fa94-04c1-424b-9868-57a2d4851a1d" />
    <TestEntry testId="0356bc7f-811f-e594-9294-69e99427592b" executionId="e7a83772-30f8-4ca3-8a28-0fb0fe154d34" testListId="8c84fa94-04c1-424b-9868-57a2d4851a1d" />
    <TestEntry testId="92dbc9fd-8625-52e9-87e0-f4f933c33d3e" executionId="1488b693-e6a3-4595-970f-fa65a4224549" testListId="8c84fa94-04c1-424b-9868-57a2d4851a1d" />
    <TestEntry testId="f7bb9a21-a4c3-3fc0-8813-25cea4ce6edc" executionId="5298de34-3a53-438b-941f-55f907227cbe" testListId="8c84fa94-04c1-424b-9868-57a2d4851a1d" />
    <TestEntry testId="156e597f-0b1d-a2d7-359e-abcce95cc492" executionId="848ba3ac-dcdd-4daf-a4f5-89084905fa73" testListId="8c84fa94-04c1-424b-9868-57a2d4851a1d" />
    <TestEntry testId="0bd60c8b-330c-58f9-5cd5-451e64e5064d" executionId="3625be1d-3aa7-4a53-b97a-ee811ab69a57" testListId="8c84fa94-04c1-424b-9868-57a2d4851a1d" />
    <TestEntry testId="bffd13bd-a98a-7359-d86a-98f61a84657f" executionId="d8f01974-8efa-428d-a16e-cf62b13828b8" testListId="8c84fa94-04c1-424b-9868-57a2d4851a1d" />
    <TestEntry testId="dbcb9613-54a5-05d2-9009-31ab037ddbcd" executionId="01a0b5b2-19bd-435c-b543-d6dadbc81b86" testListId="8c84fa94-04c1-424b-9868-57a2d4851a1d" />
    <TestEntry testId="90590812-d0cd-47d6-f358-c315d0722334" executionId="ed064f77-3cef-40e0-8da6-b5ffec1244f5" testListId="8c84fa94-04c1-424b-9868-57a2d4851a1d" />
    <TestEntry testId="5e541083-8183-1e9e-0c99-d0d43511a838" executionId="2685b3d6-53c2-43ee-bfc8-9af5c6f51e02" testListId="8c84fa94-04c1-424b-9868-57a2d4851a1d" />
    <TestEntry testId="289d24b8-7498-9a77-6aaf-02719bbf6dbf" executionId="79c81e87-da63-4bc0-8fd7-2f4a06e86b7b" testListId="8c84fa94-04c1-424b-9868-57a2d4851a1d" />
    <TestEntry testId="70f03247-8a89-43a1-08ac-8bf7b89adba6" executionId="1cc4bf70-d0eb-4912-9f0c-2e07a6fa9812" testListId="8c84fa94-04c1-424b-9868-57a2d4851a1d" />
    <TestEntry testId="311db638-4b68-3900-bf42-4b797187ac8a" executionId="2f94397d-388d-4515-88d1-65d07ebc7879" testListId="8c84fa94-04c1-424b-9868-57a2d4851a1d" />
    <TestEntry testId="d36c404f-9cbf-9a72-0ca6-674693b7650a" executionId="c32e6403-72a6-489f-9a97-78e092a54ce4" testListId="8c84fa94-04c1-424b-9868-57a2d4851a1d" />
    <TestEntry testId="977522ec-36ab-7467-e984-16e06673af6f" executionId="883b9c59-dbad-4f46-89e4-36e3cf48fadc" testListId="8c84fa94-04c1-424b-9868-57a2d4851a1d" />
    <TestEntry testId="a1158286-c9a0-d3c5-048f-b0851d3cf5b7" executionId="69f8879c-d8be-45da-b9cf-44df591f6432" testListId="8c84fa94-04c1-424b-9868-57a2d4851a1d" />
    <TestEntry testId="9efa9754-2bd6-6a4e-e57a-a525ac22479a" executionId="417b578e-e21a-421a-a0f9-846fae28d7d8" testListId="8c84fa94-04c1-424b-9868-57a2d4851a1d" />
    <TestEntry testId="bb1a840f-7c75-47b3-fb81-a8b38c6bbd4f" executionId="21158207-1539-4d89-811c-f685a3476c12" testListId="8c84fa94-04c1-424b-9868-57a2d4851a1d" />
    <TestEntry testId="cc3c90a7-a6c8-747e-feb1-95a067a4287c" executionId="09c438e8-9cba-4d16-bd81-54ab02583c92" testListId="8c84fa94-04c1-424b-9868-57a2d4851a1d" />
    <TestEntry testId="7eda8c0b-4083-4def-9614-a659eccc9620" executionId="8a17eac8-3638-4039-9865-978d18c47eb3" testListId="8c84fa94-04c1-424b-9868-57a2d4851a1d" />
    <TestEntry testId="ada74037-4e7b-b673-a356-32752802c102" executionId="39e5eeab-917d-41b4-b6b7-ccd443941985" testListId="8c84fa94-04c1-424b-9868-57a2d4851a1d" />
    <TestEntry testId="669bad0e-ab50-8768-3d79-24a420607811" executionId="c3f9e0cf-dc38-465c-9ced-56dc262e2a3e" testListId="8c84fa94-04c1-424b-9868-57a2d4851a1d" />
    <TestEntry testId="16f64c72-025c-ebb3-6b93-684532a9fa63" executionId="021f601e-0404-40eb-bf41-f9183265bff6" testListId="8c84fa94-04c1-424b-9868-57a2d4851a1d" />
    <TestEntry testId="6085e726-dd8d-693b-9aae-ed39953bc073" executionId="554ba83d-190b-44d2-8849-71c80de89983" testListId="8c84fa94-04c1-424b-9868-57a2d4851a1d" />
    <TestEntry testId="04f82181-a0a0-268d-8961-6593b0283527" executionId="4f21f8f8-996b-4533-b409-e260a24bf44b" testListId="8c84fa94-04c1-424b-9868-57a2d4851a1d" />
    <TestEntry testId="80d6448f-0f06-5c6f-9efd-c6199e7a4680" executionId="f880a8d9-aa02-42ea-a7f0-9a92adca265d" testListId="8c84fa94-04c1-424b-9868-57a2d4851a1d" />
    <TestEntry testId="b2badb01-a4d3-5bb4-c5c8-e59600e727e6" executionId="0d94a288-b20b-4e52-9cab-c6bd076f4daa" testListId="8c84fa94-04c1-424b-9868-57a2d4851a1d" />
    <TestEntry testId="b8b4c87a-5edf-cb32-37de-b42575b67aae" executionId="54f4e5f7-5c6a-449f-adfb-c0461a5bedfa" testListId="8c84fa94-04c1-424b-9868-57a2d4851a1d" />
    <TestEntry testId="1b8a7801-d82d-1746-889b-a337f48ed4dd" executionId="395b0552-3a3c-47b4-a5b9-326375a8034e" testListId="8c84fa94-04c1-424b-9868-57a2d4851a1d" />
    <TestEntry testId="4ec5d776-a082-2b7a-d6be-4f76f8d00f67" executionId="edb4ba35-eee4-453e-a9e2-8cbeefbd3980" testListId="8c84fa94-04c1-424b-9868-57a2d4851a1d" />
    <TestEntry testId="a5719ce4-6290-8d0e-bbaa-fb0f4cae04cb" executionId="a8820294-8e2c-4b91-85de-12d111ed2d72" testListId="8c84fa94-04c1-424b-9868-57a2d4851a1d" />
    <TestEntry testId="e5422223-4a43-76a5-9333-72544862540e" executionId="5e6cc8d8-718a-4bd1-96bf-3e48326802e5" testListId="8c84fa94-04c1-424b-9868-57a2d4851a1d" />
  </TestEntries>
  <Results>
    <UnitTestResult executionId="9d096320-d095-4a3c-8dc1-a2b707692a52" testId="e3d50d12-abab-4c5b-f710-5f3f1de8b01b" testName="GeneratorAddTableNoColumnsSpecified" computerName="CUCAMONGA" duration="00:00:00.4636525" startTime="2011-08-17T17:21:34.9874443-07:00" endTime="2011-08-17T17:21:37.8266067-07:00" testType="13cdc9d9-ddb5-4fa4-a97d-d965ccfc6d4b" outcome="Passed" testListId="8c84fa94-04c1-424b-9868-57a2d4851a1d" relativeResultsDirectory="9d096320-d095-4a3c-8dc1-a2b707692a52">
      <Output>
        <StdOut>C:\Projects\Humpback\TestResults\Administrator_CUCAMONGA 2011-08-17 17_21_32\Out\db\migrations\20110818002137_AddTable_Users.js
Generating Migration AddTable_Users
{
	"up":{
		"create_table":{
			"name":"Users",
			"timestamps":true,
			"columns":[{
			"name":"column_name_here","type":"string"}]
		}
	},
	"down":{
		"drop_table":"Users"}}</StdOut>
      </Output>
    </UnitTestResult>
    <UnitTestResult executionId="7aec75a9-f483-444d-8a09-3f9703a172f9" testId="d24e533b-e361-fd8b-5f8c-9fe89753d6c0" testName="GeneratorAddTable1Column" computerName="CUCAMONGA" duration="00:00:00.0010124" startTime="2011-08-17T17:21:37.8306069-07:00" endTime="2011-08-17T17:21:37.8366073-07:00" testType="13cdc9d9-ddb5-4fa4-a97d-d965ccfc6d4b" outcome="Passed" testListId="8c84fa94-04c1-424b-9868-57a2d4851a1d" relativeResultsDirectory="7aec75a9-f483-444d-8a09-3f9703a172f9">
      <Output>
        <StdOut>C:\Projects\Humpback\TestResults\Administrator_CUCAMONGA 2011-08-17 17_21_32\Out\db\migrations\20110818002137_AddTable_Users.js
Generating Migration AddTable_Users
{
	"up":{
		"create_table":{
			"name":"Users",
			"timestamps":true,
			"columns":[{
			"name":"first_name","type":"string"}]
		}
	},
	"down":{
		"drop_table":"Users"}}</StdOut>
      </Output>
    </UnitTestResult>
    <UnitTestResult executionId="4a2baf04-ae9c-4ac0-a834-3a049a9b7c31" testId="7f896794-b7c7-3810-619d-60223efc527e" testName="GeneratorAddTableMultipleColumn" computerName="CUCAMONGA" duration="00:00:00.0007662" startTime="2011-08-17T17:21:37.8426076-07:00" endTime="2011-08-17T17:21:37.8486080-07:00" testType="13cdc9d9-ddb5-4fa4-a97d-d965ccfc6d4b" outcome="Passed" testListId="8c84fa94-04c1-424b-9868-57a2d4851a1d" relativeResultsDirectory="4a2baf04-ae9c-4ac0-a834-3a049a9b7c31">
      <Output>
        <StdOut>C:\Projects\Humpback\TestResults\Administrator_CUCAMONGA 2011-08-17 17_21_32\Out\db\migrations\20110818002137_AddTable_Users.js
Generating Migration AddTable_Users
{
	"up":{
		"create_table":{
			"name":"Users",
			"timestamps":true,
			"columns":[{
			"name":"first_name","type":"string"},{
			"name":"last_name","type":"string"}]
		}
	},
	"down":{
		"drop_table":"Users"}}</StdOut>
      </Output>
    </UnitTestResult>
    <UnitTestResult executionId="65ce92fb-3c62-45f1-a75a-ba8f941f0173" testId="058de0ad-729f-7726-204c-f9b6197ace80" testName="GeneratorDropTable" computerName="CUCAMONGA" duration="00:00:00.0058785" startTime="2011-08-17T17:21:37.8516081-07:00" endTime="2011-08-17T17:21:37.8616087-07:00" testType="13cdc9d9-ddb5-4fa4-a97d-d965ccfc6d4b" outcome="Passed" testListId="8c84fa94-04c1-424b-9868-57a2d4851a1d" relativeResultsDirectory="65ce92fb-3c62-45f1-a75a-ba8f941f0173">
      <Output>
        <StdOut>C:\Projects\Humpback\TestResults\Administrator_CUCAMONGA 2011-08-17 17_21_32\Out\db\migrations\20110818002137_DropTable_Users.js
Generating Migration DropTable_Users
{
	"up":{
		"drop_table":"Users"}}</StdOut>
      </Output>
    </UnitTestResult>
    <UnitTestResult executionId="62e8f411-5581-4b46-becd-927e2612a569" testId="e493e469-79fd-ce9c-3be1-757f4015d392" testName="GeneratorRemoveColumn" computerName="CUCAMONGA" duration="00:00:00.0048802" startTime="2011-08-17T17:21:37.8666090-07:00" endTime="2011-08-17T17:21:37.8766096-07:00" testType="13cdc9d9-ddb5-4fa4-a97d-d965ccfc6d4b" outcome="Passed" testListId="8c84fa94-04c1-424b-9868-57a2d4851a1d" relativeResultsDirectory="62e8f411-5581-4b46-becd-927e2612a569">
      <Output>
        <StdOut>C:\Projects\Humpback\TestResults\Administrator_CUCAMONGA 2011-08-17 17_21_32\Out\db\migrations\20110818002137_RemoveColumn_Users_first_name.js
Generating Migration RemoveColumn_Users_first_name
{
	"up":{
		"remove_column":{
			"table":"Users",
			"column":"first_name"}}}</StdOut>
      </Output>
    </UnitTestResult>
    <UnitTestResult executionId="68662a2e-76aa-47a6-abcf-f9a4d9dfc9f9" testId="f06f0d8c-2149-231d-5806-47e9c07d846e" testName="GeneratorAddSingleColumnTest" computerName="CUCAMONGA" duration="00:00:00.0168589" startTime="2011-08-17T17:21:37.8806098-07:00" endTime="2011-08-17T17:21:37.9026110-07:00" testType="13cdc9d9-ddb5-4fa4-a97d-d965ccfc6d4b" outcome="Passed" testListId="8c84fa94-04c1-424b-9868-57a2d4851a1d" relativeResultsDirectory="68662a2e-76aa-47a6-abcf-f9a4d9dfc9f9">
      <Output>
        <StdOut>C:\Projects\Humpback\TestResults\Administrator_CUCAMONGA 2011-08-17 17_21_32\Out\db\migrations\20110818002137_AddColumn_Users_first_name.js
Generating Migration AddColumn_Users_first_name
{
	"up":{
		"add_column":{
			"table":"Users",
			"columns":[{
			"name":"first_name","type":"string"}]
		}
	},
	"down":{
		"remove_column":{
			"table":"Users",
			"column":"first_name"}}}</StdOut>
      </Output>
    </UnitTestResult>
    <UnitTestResult executionId="a0fcc6ba-a8ff-483c-90c3-0d63d3fed360" testId="b5bbd01e-9ce5-7737-6c5e-33b038bbfcef" testName="GeneratorAddSingleColumnTest_Escaped_To" computerName="CUCAMONGA" duration="00:00:00.0006878" startTime="2011-08-17T17:21:37.9086114-07:00" endTime="2011-08-17T17:21:37.9126116-07:00" testType="13cdc9d9-ddb5-4fa4-a97d-d965ccfc6d4b" outcome="Passed" testListId="8c84fa94-04c1-424b-9868-57a2d4851a1d" relativeResultsDirectory="a0fcc6ba-a8ff-483c-90c3-0d63d3fed360">
      <Output>
        <StdOut>C:\Projects\Humpback\TestResults\Administrator_CUCAMONGA 2011-08-17 17_21_32\Out\db\migrations\20110818002137_AddColumn_Users_customer_name.js
Generating Migration AddColumn_Users_customer_name
{
	"up":{
		"add_column":{
			"table":"Users",
			"columns":[{
			"name":"customer_name","type":"string"}]
		}
	},
	"down":{
		"remove_column":{
			"table":"Users",
			"column":"customer_name"}}}</StdOut>
      </Output>
    </UnitTestResult>
    <UnitTestResult executionId="d13c54a1-882b-4537-b65c-0c266ac9a0d1" testId="90f97baa-3070-9016-3865-a65e9e00b567" testName="GeneratorAddSingleColumnTestDuplicateTo" computerName="CUCAMONGA" duration="00:00:00.0004059" startTime="2011-08-17T17:21:37.9166118-07:00" endTime="2011-08-17T17:21:37.9216121-07:00" testType="13cdc9d9-ddb5-4fa4-a97d-d965ccfc6d4b" outcome="Passed" testListId="8c84fa94-04c1-424b-9868-57a2d4851a1d" relativeResultsDirectory="d13c54a1-882b-4537-b65c-0c266ac9a0d1">
      <Output>
        <StdOut>Humpback is trying to help you.
You Are attempting to add a column to a table, but the letters 'TO' occur in the column name or the table name
You need to use _TO_ with underscores to explicitly specify which to to split the column and table names
For instance AddCustomerName_TO_Orders
Migration NOT Created</StdOut>
      </Output>
    </UnitTestResult>
    <UnitTestResult executionId="a006749d-69ab-41b1-9c53-3fd25fc0d3f7" testId="e3746a4e-3caf-94de-d5a9-64823fac0d7b" testName="GeneratorAddMultipleColumnTest" computerName="CUCAMONGA" duration="00:00:00.0008013" startTime="2011-08-17T17:21:37.9246123-07:00" endTime="2011-08-17T17:21:37.9296126-07:00" testType="13cdc9d9-ddb5-4fa4-a97d-d965ccfc6d4b" outcome="Passed" testListId="8c84fa94-04c1-424b-9868-57a2d4851a1d" relativeResultsDirectory="a006749d-69ab-41b1-9c53-3fd25fc0d3f7">
      <Output>
        <StdOut>C:\Projects\Humpback\TestResults\Administrator_CUCAMONGA 2011-08-17 17_21_32\Out\db\migrations\20110818002137_AddColumn_Users_first_name.js
Generating Migration AddColumn_Users_first_name
{
	"up":{
		"add_column":{
			"table":"Users",
			"columns":[{
			"name":"first_name","type":"string"},{
			"name":"last_name","type":"string"}]
		}
	},
	"down":{
		"remove_column":{
			"table":"Users",
			"column":"first_name"}}}</StdOut>
      </Output>
    </UnitTestResult>
    <UnitTestResult executionId="bdfed5c9-7898-4f02-aec5-27c135b630ef" testId="eea9a346-9943-e3ff-416c-0311a8030615" testName="GeneratorAddReferenceColumnTest" computerName="CUCAMONGA" duration="00:00:00.0007734" startTime="2011-08-17T17:21:37.9336128-07:00" endTime="2011-08-17T17:21:37.9376131-07:00" testType="13cdc9d9-ddb5-4fa4-a97d-d965ccfc6d4b" outcome="Passed" testListId="8c84fa94-04c1-424b-9868-57a2d4851a1d" relativeResultsDirectory="bdfed5c9-7898-4f02-aec5-27c135b630ef">
      <Output>
        <StdOut>C:\Projects\Humpback\TestResults\Administrator_CUCAMONGA 2011-08-17 17_21_32\Out\db\migrations\20110818002137_AddColumn_Orders_UserId.js
Generating Migration AddColumn_Orders_UserId
{
	"up":{
		"add_column":{
			"table":"Orders",
			"columns":[{
			"name":"User","type":"reference"}]
		}
	},
	"down":{
		"remove_column":{
			"table":"Orders",
			"column":"UserId"}}}</StdOut>
      </Output>
    </UnitTestResult>
    <UnitTestResult executionId="3204091e-0b73-4388-97c4-81b85b0cf4f9" testId="a97753fc-8cb0-87d5-3a02-f49b1a000a2a" testName="GeneratorChangeSingleColumnTest" computerName="CUCAMONGA" duration="00:00:00.0056233" startTime="2011-08-17T17:21:37.9416133-07:00" endTime="2011-08-17T17:21:37.9516139-07:00" testType="13cdc9d9-ddb5-4fa4-a97d-d965ccfc6d4b" outcome="Passed" testListId="8c84fa94-04c1-424b-9868-57a2d4851a1d" relativeResultsDirectory="3204091e-0b73-4388-97c4-81b85b0cf4f9">
      <Output>
        <StdOut>C:\Projects\Humpback\TestResults\Administrator_CUCAMONGA 2011-08-17 17_21_32\Out\db\migrations\20110818002137_ChangeColumn_ChangeUsers.js
Generating Migration ChangeColumn_ChangeUsers
{
	"up":{"change_column":{
			"name":"ChangeUsers",
			"columns":[{
			"name":"first_name","type":"string"}]
		}
	},
	"down":{"change_column":{
			"name":"ChangeUsers",
			"columns":[{
			"name":"first_name","type":"string"}]}}}</StdOut>
      </Output>
    </UnitTestResult>
    <UnitTestResult executionId="4d6cacd8-fc4f-4847-8cf5-7773a08364a6" testId="ac0c20c0-6966-79b8-4b6c-7c633eb53e87" testName="GeneratorChangeMultipleColumnTest" computerName="CUCAMONGA" duration="00:00:00.0008591" startTime="2011-08-17T17:21:37.9556141-07:00" endTime="2011-08-17T17:21:37.9606144-07:00" testType="13cdc9d9-ddb5-4fa4-a97d-d965ccfc6d4b" outcome="Passed" testListId="8c84fa94-04c1-424b-9868-57a2d4851a1d" relativeResultsDirectory="4d6cacd8-fc4f-4847-8cf5-7773a08364a6">
      <Output>
        <StdOut>C:\Projects\Humpback\TestResults\Administrator_CUCAMONGA 2011-08-17 17_21_32\Out\db\migrations\20110818002137_ChangeColumn_ChangeUsers.js
Generating Migration ChangeColumn_ChangeUsers
{
	"up":{"change_column":{
			"name":"ChangeUsers",
			"columns":[{
			"name":"first_name","type":"string"},{
			"name":"last_name","type":"string"}]
		}
	},
	"down":{"change_column":{
			"name":"ChangeUsers",
			"columns":[{
			"name":"first_name","type":"string"},{
			"name":"last_name","type":"string"}]}}}</StdOut>
      </Output>
    </UnitTestResult>
    <UnitTestResult executionId="a94b014c-2ba2-4765-b98a-86b90b9faac9" testId="82bd9517-f389-4445-1fce-8aa42a855b86" testName="GeneratorAddIndexTest" computerName="CUCAMONGA" duration="00:00:00.0063249" startTime="2011-08-17T17:21:37.9646146-07:00" endTime="2011-08-17T17:21:37.9756152-07:00" testType="13cdc9d9-ddb5-4fa4-a97d-d965ccfc6d4b" outcome="Passed" testListId="8c84fa94-04c1-424b-9868-57a2d4851a1d" relativeResultsDirectory="a94b014c-2ba2-4765-b98a-86b90b9faac9">
      <Output>
        <StdOut>C:\Projects\Humpback\TestResults\Administrator_CUCAMONGA 2011-08-17 17_21_32\Out\db\migrations\20110818002137_AddIndex_Users_first_name_last_name.js
Generating Migration AddIndex_Users_first_name_last_name
{
	"up":{
		"add_index":{
			"table_name":"Users",
			"columns":["first_name","last_name"]}}}</StdOut>
      </Output>
    </UnitTestResult>
    <UnitTestResult executionId="a3752d97-03d0-4865-9a7c-4f8b08d08fe8" testId="a32922e2-f1df-7982-29dc-57f3885bc9ec" testName="GeneratorDropIndexTest" computerName="CUCAMONGA" duration="00:00:00.0047649" startTime="2011-08-17T17:21:37.9786154-07:00" endTime="2011-08-17T17:21:37.9876159-07:00" testType="13cdc9d9-ddb5-4fa4-a97d-d965ccfc6d4b" outcome="Passed" testListId="8c84fa94-04c1-424b-9868-57a2d4851a1d" relativeResultsDirectory="a3752d97-03d0-4865-9a7c-4f8b08d08fe8">
      <Output>
        <StdOut>C:\Projects\Humpback\TestResults\Administrator_CUCAMONGA 2011-08-17 17_21_32\Out\db\migrations\20110818002137_RemoveIndex_Users_first_name_last_name.js
Generating Migration RemoveIndex_Users_first_name_last_name
{
	"up":{
		"remove_index":{
			"table_name":"Users",
			"columns":["first_name","last_name"]}}}</StdOut>
      </Output>
    </UnitTestResult>
    <UnitTestResult executionId="4b1fd9c4-866c-432c-932d-20c911cf9858" testId="2a84bd86-8ca4-1eec-bb5f-cdc52d11f0ed" testName="GeneratorFileTest" computerName="CUCAMONGA" duration="00:00:00.0051679" startTime="2011-08-17T17:21:37.9916161-07:00" endTime="2011-08-17T17:21:38.0016167-07:00" testType="13cdc9d9-ddb5-4fa4-a97d-d965ccfc6d4b" outcome="Passed" testListId="8c84fa94-04c1-424b-9868-57a2d4851a1d" relativeResultsDirectory="4b1fd9c4-866c-432c-932d-20c911cf9858">
      <Output>
        <StdOut>C:\Projects\Humpback\TestResults\Administrator_CUCAMONGA 2011-08-17 17_21_32\Out\db\migrations\..\sql\mysqlfile.sql
C:\Projects\Humpback\TestResults\Administrator_CUCAMONGA 2011-08-17 17_21_32\Out\db\migrations\20110818002137_SQLFile_mysqlfile.js
Generating Migration sql\mysqlfile.sql
{
	"up":{"file":"..\\sql\\mysqlfile.sql"}}</StdOut>
      </Output>
    </UnitTestResult>
    <UnitTestResult executionId="93b0b16c-2b1b-4181-8e7f-2ccab2ffb6a9" testId="e7403101-b8a8-6884-112a-c39c176e3e12" testName="GeneratorSqlTest" computerName="CUCAMONGA" duration="00:00:00.0043922" startTime="2011-08-17T17:21:38.0046169-07:00" endTime="2011-08-17T17:21:38.0126173-07:00" testType="13cdc9d9-ddb5-4fa4-a97d-d965ccfc6d4b" outcome="Passed" testListId="8c84fa94-04c1-424b-9868-57a2d4851a1d" relativeResultsDirectory="93b0b16c-2b1b-4181-8e7f-2ccab2ffb6a9">
      <Output>
        <StdOut>C:\Projects\Humpback\TestResults\Administrator_CUCAMONGA 2011-08-17 17_21_32\Out\db\migrations\20110818002138_ExecuteSQL.js
Generating Migration ExecuteSQL
{
	"up":"CREATE TABLE Users (ID {pk}, first_name {string} NOT NULL, price_paid {money})",
	"down":""}</StdOut>
      </Output>
    </UnitTestResult>
    <UnitTestResult executionId="fc589c17-ac26-4c98-b568-cad8252d2b8e" testId="274b4467-35d6-4a34-11dc-f60e719c1a5c" testName="SqlFormatterAddTableTest" computerName="CUCAMONGA" duration="00:00:00.8342349" startTime="2011-08-17T17:21:38.0166176-07:00" endTime="2011-08-17T17:21:38.8656661-07:00" testType="13cdc9d9-ddb5-4fa4-a97d-d965ccfc6d4b" outcome="Passed" testListId="8c84fa94-04c1-424b-9868-57a2d4851a1d" relativeResultsDirectory="fc589c17-ac26-4c98-b568-cad8252d2b8e">
      <Output>
        <StdOut>C:\Projects\Humpback\TestResults\Administrator_CUCAMONGA 2011-08-17 17_21_32\Out\db\generated\1xxx...sql


CREATE TABLE [tname]
	 (Id int PRIMARY KEY IDENTITY(1,1) NOT NULL 
	, [first_name] nvarchar(255) NULL 
	, [last_name] decimal(16,2) NULL 
	, CreatedOn datetime DEFAULT getutcdate() NOT NULL
	, UpdatedOn datetime DEFAULT getutcdate() NOT NULL)</StdOut>
      </Output>
    </UnitTestResult>
    <UnitTestResult executionId="3781468c-3e5f-49fc-9e1c-7adebc2348e8" testId="932f94f6-db59-e4fb-db9c-4892e9feb731" testName="SqlFormatterAddTableTestWithNullableAndDefault" computerName="CUCAMONGA" duration="00:00:00.0008233" startTime="2011-08-17T17:21:38.8716665-07:00" endTime="2011-08-17T17:21:38.8766668-07:00" testType="13cdc9d9-ddb5-4fa4-a97d-d965ccfc6d4b" outcome="Passed" testListId="8c84fa94-04c1-424b-9868-57a2d4851a1d" relativeResultsDirectory="3781468c-3e5f-49fc-9e1c-7adebc2348e8">
      <Output>
        <StdOut>C:\Projects\Humpback\TestResults\Administrator_CUCAMONGA 2011-08-17 17_21_32\Out\db\generated\11xxx...sql


CREATE TABLE [tname]
	 (Id int PRIMARY KEY IDENTITY(1,1) NOT NULL 
	, [first_name] nvarchar(255) NOT NULL  DEFAULT ('JASON') 
	, [last_name] decimal(16,2) NULL 
	, CreatedOn datetime DEFAULT getutcdate() NOT NULL
	, UpdatedOn datetime DEFAULT getutcdate() NOT NULL)</StdOut>
      </Output>
    </UnitTestResult>
    <UnitTestResult executionId="957b1ca9-3533-4e00-b73d-dacfa708fb18" testId="9a492a35-95c4-81bf-5741-83962893c6bd" testName="SqlFormatterDropTableTest" computerName="CUCAMONGA" duration="00:00:00.0692272" startTime="2011-08-17T17:21:38.8806670-07:00" endTime="2011-08-17T17:21:38.9546712-07:00" testType="13cdc9d9-ddb5-4fa4-a97d-d965ccfc6d4b" outcome="Passed" testListId="8c84fa94-04c1-424b-9868-57a2d4851a1d" relativeResultsDirectory="957b1ca9-3533-4e00-b73d-dacfa708fb18">
      <Output>
        <StdOut>C:\Projects\Humpback\TestResults\Administrator_CUCAMONGA 2011-08-17 17_21_32\Out\db\generated\2xxx...sql


DROP TABLE [tname]</StdOut>
      </Output>
    </UnitTestResult>
    <UnitTestResult executionId="0b1ef5ce-cc66-4f05-a0da-ece493a63cb4" testId="53bdf8b3-0cb0-c5cc-f9bd-dc976049c613" testName="SqlFormatterDrop2TableTest" computerName="CUCAMONGA" duration="00:00:00.0082705" startTime="2011-08-17T17:21:38.9586715-07:00" endTime="2011-08-17T17:21:38.9716722-07:00" testType="13cdc9d9-ddb5-4fa4-a97d-d965ccfc6d4b" outcome="Passed" testListId="8c84fa94-04c1-424b-9868-57a2d4851a1d" relativeResultsDirectory="0b1ef5ce-cc66-4f05-a0da-ece493a63cb4">
      <Output>
        <StdOut>C:\Projects\Humpback\TestResults\Administrator_CUCAMONGA 2011-08-17 17_21_32\Out\db\generated\8xxx..sql..sql
C:\Projects\Humpback\TestResults\Administrator_CUCAMONGA 2011-08-17 17_21_32\Out\db\generated\8xxx..sql..sql
C:\Projects\Humpback\TestResults\Administrator_CUCAMONGA 2011-08-17 17_21_32\Out\db\generated\8xxx..sql..sqlC:\Projects\Humpback\TestResults\Administrator_CUCAMONGA 2011-08-17 17_21_32\Out\db\generated\8xxx..sql..sql


DROP TABLE [tname1]




DROP TABLE [tname2]</StdOut>
      </Output>
    </UnitTestResult>
    <UnitTestResult executionId="e0e5e3a0-7318-4b75-962f-cb6525ec3d80" testId="7b132a8e-2b56-7bd7-f605-35a2acab7b8e" testName="SqlFormatterAddColumnTest" computerName="CUCAMONGA" duration="00:00:00.2298366" startTime="2011-08-17T17:21:38.9756724-07:00" endTime="2011-08-17T17:21:39.2096858-07:00" testType="13cdc9d9-ddb5-4fa4-a97d-d965ccfc6d4b" outcome="Passed" testListId="8c84fa94-04c1-424b-9868-57a2d4851a1d" relativeResultsDirectory="e0e5e3a0-7318-4b75-962f-cb6525ec3d80">
      <Output>
        <StdOut>C:\Projects\Humpback\TestResults\Administrator_CUCAMONGA 2011-08-17 17_21_32\Out\db\generated\3xxx...sql


ALTER TABLE [tname] ADD [name] nvarchar(255) NULL</StdOut>
      </Output>
    </UnitTestResult>
    <UnitTestResult executionId="53493558-007d-4999-9bf9-c6cfc009a77c" testId="817536ec-3ac9-c694-54db-1da1a386b924" testName="SqlFormatterAddColumnReferenceTest" computerName="CUCAMONGA" duration="00:00:00.1048668" startTime="2011-08-17T17:21:39.2136860-07:00" endTime="2011-08-17T17:21:39.3236923-07:00" testType="13cdc9d9-ddb5-4fa4-a97d-d965ccfc6d4b" outcome="Passed" testListId="8c84fa94-04c1-424b-9868-57a2d4851a1d" relativeResultsDirectory="53493558-007d-4999-9bf9-c6cfc009a77c">
      <Output>
        <StdOut>C:\Projects\Humpback\TestResults\Administrator_CUCAMONGA 2011-08-17 17_21_32\Out\db\generated\9xxx..sql..sql
C:\Projects\Humpback\TestResults\Administrator_CUCAMONGA 2011-08-17 17_21_32\Out\db\generated\9xxx..sql..sql


ALTER TABLE [Orders] ADD [UserId] INT NOT NULL  




ALTER TABLE [Orders] ADD CONSTRAINT [FK_orders_user_userid] FOREIGN KEY ([UserId]) REFERENCES [User] ([Id]) ON DELETE NO ACTION ON UPDATE NO ACTION;</StdOut>
      </Output>
    </UnitTestResult>
    <UnitTestResult executionId="83d3bf40-5313-430b-ba57-d87f1e54583f" testId="d9c6079b-83c7-f50c-b1b8-59be9fe5c717" testName="SqlFormatterAddTableReferenceTest" computerName="CUCAMONGA" duration="00:00:00.0007940" startTime="2011-08-17T17:21:39.3316928-07:00" endTime="2011-08-17T17:21:39.3366931-07:00" testType="13cdc9d9-ddb5-4fa4-a97d-d965ccfc6d4b" outcome="Passed" testListId="8c84fa94-04c1-424b-9868-57a2d4851a1d" relativeResultsDirectory="83d3bf40-5313-430b-ba57-d87f1e54583f">
      <Output>
        <StdOut>C:\Projects\Humpback\TestResults\Administrator_CUCAMONGA 2011-08-17 17_21_32\Out\db\generated\10xxx..sql..sql
C:\Projects\Humpback\TestResults\Administrator_CUCAMONGA 2011-08-17 17_21_32\Out\db\generated\10xxx..sql..sql
C:\Projects\Humpback\TestResults\Administrator_CUCAMONGA 2011-08-17 17_21_32\Out\db\generated\10xxx..sql..sql


CREATE TABLE [ApplicationControl]
	 (Id int PRIMARY KEY IDENTITY(1,1) NOT NULL 
	, [name] nvarchar(255) NULL 
	, [ApplicationPageId] INT NOT NULL 
	, [ApplicationId] INT NOT NULL 
	, CreatedOn datetime DEFAULT getutcdate() NOT NULL
	, UpdatedOn datetime DEFAULT getutcdate() NOT NULL) 




ALTER TABLE [ApplicationControl] ADD CONSTRAINT [FK_applicationcontrol_applicationpage_applicationpageid] FOREIGN KEY ([ApplicationPageId]) REFERENCES [ApplicationPage] ([Id]) ON DELETE NO ACTION ON UPDATE NO ACTION;




ALTER TABLE [ApplicationControl] ADD CONSTRAINT [FK_applicationcontrol_application_applicationid] FOREIGN KEY ([ApplicationId]) REFERENCES [Application] ([Id]) ON DELETE NO ACTION ON UPDATE NO ACTION;</StdOut>
      </Output>
    </UnitTestResult>
    <UnitTestResult executionId="6d37101c-f9bb-4665-8bd9-925437f0b011" testId="a8a040ac-527d-a3e5-eb1e-6eb6f9128096" testName="SqlFormatterChangeColumnTest" computerName="CUCAMONGA" duration="00:00:00.2445091" startTime="2011-08-17T17:21:39.3396932-07:00" endTime="2011-08-17T17:21:39.5887075-07:00" testType="13cdc9d9-ddb5-4fa4-a97d-d965ccfc6d4b" outcome="Passed" testListId="8c84fa94-04c1-424b-9868-57a2d4851a1d" relativeResultsDirectory="6d37101c-f9bb-4665-8bd9-925437f0b011">
      <Output>
        <StdOut>C:\Projects\Humpback\TestResults\Administrator_CUCAMONGA 2011-08-17 17_21_32\Out\db\generated\4xxx...sql


ALTER TABLE [tname] ALTER COLUMN [name] nvarchar(255) NULL</StdOut>
      </Output>
    </UnitTestResult>
    <UnitTestResult executionId="1d1053c1-b50f-46b4-afba-e01ca149a0df" testId="6fa915c5-6ab5-24c3-610a-84f83ee2d7ae" testName="SqlFormatterDropColumnTest" computerName="CUCAMONGA" duration="00:00:00.1334456" startTime="2011-08-17T17:21:39.5947078-07:00" endTime="2011-08-17T17:21:39.7327157-07:00" testType="13cdc9d9-ddb5-4fa4-a97d-d965ccfc6d4b" outcome="Passed" testListId="8c84fa94-04c1-424b-9868-57a2d4851a1d" relativeResultsDirectory="1d1053c1-b50f-46b4-afba-e01ca149a0df">
      <Output>
        <StdOut>C:\Projects\Humpback\TestResults\Administrator_CUCAMONGA 2011-08-17 17_21_32\Out\db\generated\5xxx...sql


ALTER TABLE [tname] DROP COLUMN [name]</StdOut>
      </Output>
    </UnitTestResult>
    <UnitTestResult executionId="1d562716-b084-4145-bfa5-c04a080cd750" testId="c4268f76-efd3-124d-873f-390998bcba88" testName="SqlFormatterAddIndexTest" computerName="CUCAMONGA" duration="00:00:00.2801997" startTime="2011-08-17T17:21:39.7367160-07:00" endTime="2011-08-17T17:21:40.0217323-07:00" testType="13cdc9d9-ddb5-4fa4-a97d-d965ccfc6d4b" outcome="Passed" testListId="8c84fa94-04c1-424b-9868-57a2d4851a1d" relativeResultsDirectory="1d562716-b084-4145-bfa5-c04a080cd750">
      <Output>
        <StdOut>C:\Projects\Humpback\TestResults\Administrator_CUCAMONGA 2011-08-17 17_21_32\Out\db\generated\6xxx...sql


CREATE NONCLUSTERED INDEX [IX_categories_title_slug] ON [categories] ( [title] ASC, [slug] ASC )</StdOut>
      </Output>
    </UnitTestResult>
    <UnitTestResult executionId="8a17ddd4-be6c-4518-91f4-38f9bb2792ff" testId="df1cc607-527c-2f80-18f8-81c729911b19" testName="SqlFormatterDropIndexTest" computerName="CUCAMONGA" duration="00:00:00.1335501" startTime="2011-08-17T17:21:40.0267325-07:00" endTime="2011-08-17T17:21:40.1657405-07:00" testType="13cdc9d9-ddb5-4fa4-a97d-d965ccfc6d4b" outcome="Passed" testListId="8c84fa94-04c1-424b-9868-57a2d4851a1d" relativeResultsDirectory="8a17ddd4-be6c-4518-91f4-38f9bb2792ff">
      <Output>
        <StdOut>C:\Projects\Humpback\TestResults\Administrator_CUCAMONGA 2011-08-17 17_21_32\Out\db\generated\7xxx...sql


DROP INDEX [categories].[IX_categories_title_slug]</StdOut>
      </Output>
    </UnitTestResult>
    <UnitTestResult executionId="cc3f74c2-c2cc-4213-8fa6-7cca8da30f4f" testId="44f823e3-baf8-a2f1-8bcb-877df097c535" testName="TestGeneratePlainSQLString" computerName="CUCAMONGA" duration="00:00:00.1020638" startTime="2011-08-17T17:21:40.1697407-07:00" endTime="2011-08-17T17:21:40.2767468-07:00" testType="13cdc9d9-ddb5-4fa4-a97d-d965ccfc6d4b" outcome="Passed" testListId="8c84fa94-04c1-424b-9868-57a2d4851a1d" relativeResultsDirectory="cc3f74c2-c2cc-4213-8fa6-7cca8da30f4f">
    </UnitTestResult>
    <UnitTestResult executionId="ac021c0f-532b-4eff-8ab2-4dc1edbf690e" testId="67302ab4-5dc8-75b9-8b54-6f42f8cae66b" testName="TestGeneratePlainSQLStringArray" computerName="CUCAMONGA" duration="00:00:00.0302775" startTime="2011-08-17T17:21:40.2807471-07:00" endTime="2011-08-17T17:21:40.3167491-07:00" testType="13cdc9d9-ddb5-4fa4-a97d-d965ccfc6d4b" outcome="Passed" testListId="8c84fa94-04c1-424b-9868-57a2d4851a1d" relativeResultsDirectory="ac021c0f-532b-4eff-8ab2-4dc1edbf690e">
    </UnitTestResult>
    <UnitTestResult executionId="a7d746d3-affc-4500-881e-7312cfd23d01" testId="f2fd06d6-bc32-5afa-9fd6-c66d5415c515" testName="TestGeneratePlainSQLStringDown" computerName="CUCAMONGA" duration="00:00:00.1411914" startTime="2011-08-17T17:21:40.3207494-07:00" endTime="2011-08-17T17:21:40.4667577-07:00" testType="13cdc9d9-ddb5-4fa4-a97d-d965ccfc6d4b" outcome="Passed" testListId="8c84fa94-04c1-424b-9868-57a2d4851a1d" relativeResultsDirectory="a7d746d3-affc-4500-881e-7312cfd23d01">
    </UnitTestResult>
    <UnitTestResult executionId="698f846b-d89d-42e3-8ec6-c6c71126118f" testId="e2673458-a0dd-29e1-8ae8-ec51fe236682" testName="TestGeneratePlainSQLStringArrayDown" computerName="CUCAMONGA" duration="00:00:00.0311193" startTime="2011-08-17T17:21:40.4697579-07:00" endTime="2011-08-17T17:21:40.5057599-07:00" testType="13cdc9d9-ddb5-4fa4-a97d-d965ccfc6d4b" outcome="Passed" testListId="8c84fa94-04c1-424b-9868-57a2d4851a1d" relativeResultsDirectory="698f846b-d89d-42e3-8ec6-c6c71126118f">
    </UnitTestResult>
    <UnitTestResult executionId="b1bd1b10-f8a8-41ec-a470-3659fdd6627c" testId="08b5b9c9-6f47-d78c-ccbb-c81dcaf801d4" testName="TestForArray" computerName="CUCAMONGA" duration="00:00:00.0260739" startTime="2011-08-17T17:21:40.5117603-07:00" endTime="2011-08-17T17:21:40.5417620-07:00" testType="13cdc9d9-ddb5-4fa4-a97d-d965ccfc6d4b" outcome="Passed" testListId="8c84fa94-04c1-424b-9868-57a2d4851a1d" relativeResultsDirectory="b1bd1b10-f8a8-41ec-a470-3659fdd6627c">
    </UnitTestResult>
    <UnitTestResult executionId="b62e18e1-d7db-406b-bdff-d5e68bdbf886" testId="71dd6206-1db7-63ae-e0fc-471c5670527e" testName="TestForArrayOnString" computerName="CUCAMONGA" duration="00:00:00.0030090" startTime="2011-08-17T17:21:40.5467623-07:00" endTime="2011-08-17T17:21:40.5547627-07:00" testType="13cdc9d9-ddb5-4fa4-a97d-d965ccfc6d4b" outcome="Passed" testListId="8c84fa94-04c1-424b-9868-57a2d4851a1d" relativeResultsDirectory="b62e18e1-d7db-406b-bdff-d5e68bdbf886">
    </UnitTestResult>
    <UnitTestResult executionId="1a950779-74f1-41ef-8c2c-186389f7c239" testId="d5cc0cd9-833d-a38d-dcfc-767927d698f4" testName="TestForString" computerName="CUCAMONGA" duration="00:00:00.0135997" startTime="2011-08-17T17:21:40.5587630-07:00" endTime="2011-08-17T17:21:40.5767640-07:00" testType="13cdc9d9-ddb5-4fa4-a97d-d965ccfc6d4b" outcome="Passed" testListId="8c84fa94-04c1-424b-9868-57a2d4851a1d" relativeResultsDirectory="1a950779-74f1-41ef-8c2c-186389f7c239">
    </UnitTestResult>
    <UnitTestResult executionId="3c107f59-dee0-4f93-b99d-724adb120509" testId="8616b539-ff11-f5fa-cddc-12ec76c45a9e" testName="TestForStringOnArray" computerName="CUCAMONGA" duration="00:00:00.0046785" startTime="2011-08-17T17:21:40.5827643-07:00" endTime="2011-08-17T17:21:40.5927649-07:00" testType="13cdc9d9-ddb5-4fa4-a97d-d965ccfc6d4b" outcome="Passed" testListId="8c84fa94-04c1-424b-9868-57a2d4851a1d" relativeResultsDirectory="3c107f59-dee0-4f93-b99d-724adb120509">
    </UnitTestResult>
    <UnitTestResult executionId="b965b220-6191-4e0e-a9aa-3bd896cef4b4" testId="20d19967-444e-dc24-b335-97edc08b5909" testName="TestForTypeOfArray" computerName="CUCAMONGA" duration="00:00:00.0180939" startTime="2011-08-17T17:21:40.5967651-07:00" endTime="2011-08-17T17:21:40.6187664-07:00" testType="13cdc9d9-ddb5-4fa4-a97d-d965ccfc6d4b" outcome="Passed" testListId="8c84fa94-04c1-424b-9868-57a2d4851a1d" relativeResultsDirectory="b965b220-6191-4e0e-a9aa-3bd896cef4b4">
      <Output>
        <StdOut>&lt;&gt;f__AnonymousType1`1[System.String]
&lt;&gt;f__AnonymousType1`1[System.String][]</StdOut>
      </Output>
    </UnitTestResult>
    <UnitTestResult executionId="434efb5a-1c87-4b11-bc3c-56c13d75d2b4" testId="a48aa486-0eb9-1571-ae7a-ae83f5502512" testName="ConfigurationConstructorTestNullConstructorParam" computerName="CUCAMONGA" duration="00:00:00.0012686" startTime="2011-08-17T17:21:40.6227666-07:00" endTime="2011-08-17T17:21:40.6287670-07:00" testType="13cdc9d9-ddb5-4fa4-a97d-d965ccfc6d4b" outcome="Passed" testListId="8c84fa94-04c1-424b-9868-57a2d4851a1d" relativeResultsDirectory="434efb5a-1c87-4b11-bc3c-56c13d75d2b4">
    </UnitTestResult>
    <UnitTestResult executionId="18fa6413-d148-41f3-aa28-442d7d017c33" testId="561a8314-b780-173e-57e0-31e74c4df3cf" testName="ConfigurationConstructorTestDefaultConstructor" computerName="CUCAMONGA" duration="00:00:00.0002190" startTime="2011-08-17T17:21:40.6327672-07:00" endTime="2011-08-17T17:21:40.6377675-07:00" testType="13cdc9d9-ddb5-4fa4-a97d-d965ccfc6d4b" outcome="Passed" testListId="8c84fa94-04c1-424b-9868-57a2d4851a1d" relativeResultsDirectory="18fa6413-d148-41f3-aa28-442d7d017c33">
    </UnitTestResult>
    <UnitTestResult executionId="9256f63c-cc46-461b-bf17-9887d5529b33" testId="3aa6cae7-870d-5dc1-6dfc-f66069c5d485" testName="HelpTestDash" computerName="CUCAMONGA" duration="00:00:00.0004973" startTime="2011-08-17T17:21:40.6417677-07:00" endTime="2011-08-17T17:21:40.6627689-07:00" testType="13cdc9d9-ddb5-4fa4-a97d-d965ccfc6d4b" outcome="Passed" testListId="8c84fa94-04c1-424b-9868-57a2d4851a1d" relativeResultsDirectory="9256f63c-cc46-461b-bf17-9887d5529b33">
    </UnitTestResult>
    <UnitTestResult executionId="e7a83772-30f8-4ca3-8a28-0fb0fe154d34" testId="0356bc7f-811f-e594-9294-69e99427592b" testName="HelpTest_h" computerName="CUCAMONGA" duration="00:00:00.0003722" startTime="2011-08-17T17:21:40.6677692-07:00" endTime="2011-08-17T17:21:40.6747696-07:00" testType="13cdc9d9-ddb5-4fa4-a97d-d965ccfc6d4b" outcome="Passed" testListId="8c84fa94-04c1-424b-9868-57a2d4851a1d" relativeResultsDirectory="e7a83772-30f8-4ca3-8a28-0fb0fe154d34">
    </UnitTestResult>
    <UnitTestResult executionId="1488b693-e6a3-4595-970f-fa65a4224549" testId="92dbc9fd-8625-52e9-87e0-f4f933c33d3e" testName="HelpTest_H" computerName="CUCAMONGA" duration="00:00:00.0003693" startTime="2011-08-17T17:21:40.6797699-07:00" endTime="2011-08-17T17:21:40.6857702-07:00" testType="13cdc9d9-ddb5-4fa4-a97d-d965ccfc6d4b" outcome="Passed" testListId="8c84fa94-04c1-424b-9868-57a2d4851a1d" relativeResultsDirectory="1488b693-e6a3-4595-970f-fa65a4224549">
    </UnitTestResult>
    <UnitTestResult executionId="5298de34-3a53-438b-941f-55f907227cbe" testId="f7bb9a21-a4c3-3fc0-8813-25cea4ce6edc" testName="HelpTest_HELP" computerName="CUCAMONGA" duration="00:00:00.0003975" startTime="2011-08-17T17:21:40.6927706-07:00" endTime="2011-08-17T17:21:40.6987710-07:00" testType="13cdc9d9-ddb5-4fa4-a97d-d965ccfc6d4b" outcome="Passed" testListId="8c84fa94-04c1-424b-9868-57a2d4851a1d" relativeResultsDirectory="5298de34-3a53-438b-941f-55f907227cbe">
    </UnitTestResult>
    <UnitTestResult executionId="848ba3ac-dcdd-4daf-a4f5-89084905fa73" testId="156e597f-0b1d-a2d7-359e-abcce95cc492" testName="HelpTest_help" computerName="CUCAMONGA" duration="00:00:00.0003874" startTime="2011-08-17T17:21:40.7027712-07:00" endTime="2011-08-17T17:21:40.7087716-07:00" testType="13cdc9d9-ddb5-4fa4-a97d-d965ccfc6d4b" outcome="Passed" testListId="8c84fa94-04c1-424b-9868-57a2d4851a1d" relativeResultsDirectory="848ba3ac-dcdd-4daf-a4f5-89084905fa73">
    </UnitTestResult>
    <UnitTestResult executionId="3625be1d-3aa7-4a53-b97a-ee811ab69a57" testId="0bd60c8b-330c-58f9-5cd5-451e64e5064d" testName="HelpModifierTest_Run" computerName="CUCAMONGA" duration="00:00:00.0003766" startTime="2011-08-17T17:21:40.7177721-07:00" endTime="2011-08-17T17:21:40.7237724-07:00" testType="13cdc9d9-ddb5-4fa4-a97d-d965ccfc6d4b" outcome="Passed" testListId="8c84fa94-04c1-424b-9868-57a2d4851a1d" relativeResultsDirectory="3625be1d-3aa7-4a53-b97a-ee811ab69a57">
    </UnitTestResult>
    <UnitTestResult executionId="d8f01974-8efa-428d-a16e-cf62b13828b8" testId="bffd13bd-a98a-7359-d86a-98f61a84657f" testName="HelpModifierTest_RUN" computerName="CUCAMONGA" duration="00:00:00.0003903" startTime="2011-08-17T17:21:40.7287727-07:00" endTime="2011-08-17T17:21:40.7347730-07:00" testType="13cdc9d9-ddb5-4fa4-a97d-d965ccfc6d4b" outcome="Passed" testListId="8c84fa94-04c1-424b-9868-57a2d4851a1d" relativeResultsDirectory="d8f01974-8efa-428d-a16e-cf62b13828b8">
    </UnitTestResult>
    <UnitTestResult executionId="01a0b5b2-19bd-435c-b543-d6dadbc81b86" testId="dbcb9613-54a5-05d2-9009-31ab037ddbcd" testName="HelpModifierTest_List" computerName="CUCAMONGA" duration="00:00:00.0003748" startTime="2011-08-17T17:21:40.7397733-07:00" endTime="2011-08-17T17:21:40.7457737-07:00" testType="13cdc9d9-ddb5-4fa4-a97d-d965ccfc6d4b" outcome="Passed" testListId="8c84fa94-04c1-424b-9868-57a2d4851a1d" relativeResultsDirectory="01a0b5b2-19bd-435c-b543-d6dadbc81b86">
    </UnitTestResult>
    <UnitTestResult executionId="ed064f77-3cef-40e0-8da6-b5ffec1244f5" testId="90590812-d0cd-47d6-f358-c315d0722334" testName="HelpModifierTest_Generate" computerName="CUCAMONGA" duration="00:00:00.0003943" startTime="2011-08-17T17:21:40.7497739-07:00" endTime="2011-08-17T17:21:40.7567743-07:00" testType="13cdc9d9-ddb5-4fa4-a97d-d965ccfc6d4b" outcome="Passed" testListId="8c84fa94-04c1-424b-9868-57a2d4851a1d" relativeResultsDirectory="ed064f77-3cef-40e0-8da6-b5ffec1244f5">
    </UnitTestResult>
    <UnitTestResult executionId="2685b3d6-53c2-43ee-bfc8-9af5c6f51e02" testId="5e541083-8183-1e9e-0c99-d0d43511a838" testName="HelpModifierTest_Sql" computerName="CUCAMONGA" duration="00:00:00.0003910" startTime="2011-08-17T17:21:40.7627746-07:00" endTime="2011-08-17T17:21:40.7687750-07:00" testType="13cdc9d9-ddb5-4fa4-a97d-d965ccfc6d4b" outcome="Passed" testListId="8c84fa94-04c1-424b-9868-57a2d4851a1d" relativeResultsDirectory="2685b3d6-53c2-43ee-bfc8-9af5c6f51e02">
    </UnitTestResult>
    <UnitTestResult executionId="79c81e87-da63-4bc0-8fd7-2f4a06e86b7b" testId="289d24b8-7498-9a77-6aaf-02719bbf6dbf" testName="HelpModifierTest_R" computerName="CUCAMONGA" duration="00:00:00.0003827" startTime="2011-08-17T17:21:40.7747753-07:00" endTime="2011-08-17T17:21:40.7797756-07:00" testType="13cdc9d9-ddb5-4fa4-a97d-d965ccfc6d4b" outcome="Passed" testListId="8c84fa94-04c1-424b-9868-57a2d4851a1d" relativeResultsDirectory="79c81e87-da63-4bc0-8fd7-2f4a06e86b7b">
    </UnitTestResult>
    <UnitTestResult executionId="1cc4bf70-d0eb-4912-9f0c-2e07a6fa9812" testId="70f03247-8a89-43a1-08ac-8bf7b89adba6" testName="HelpModifierTest_L" computerName="CUCAMONGA" duration="00:00:00.0004080" startTime="2011-08-17T17:21:40.7867760-07:00" endTime="2011-08-17T17:21:40.7927764-07:00" testType="13cdc9d9-ddb5-4fa4-a97d-d965ccfc6d4b" outcome="Passed" testListId="8c84fa94-04c1-424b-9868-57a2d4851a1d" relativeResultsDirectory="1cc4bf70-d0eb-4912-9f0c-2e07a6fa9812">
    </UnitTestResult>
    <UnitTestResult executionId="2f94397d-388d-4515-88d1-65d07ebc7879" testId="311db638-4b68-3900-bf42-4b797187ac8a" testName="HelpModifierTest_G" computerName="CUCAMONGA" duration="00:00:00.0003889" startTime="2011-08-17T17:21:40.8007768-07:00" endTime="2011-08-17T17:21:40.8077772-07:00" testType="13cdc9d9-ddb5-4fa4-a97d-d965ccfc6d4b" outcome="Passed" testListId="8c84fa94-04c1-424b-9868-57a2d4851a1d" relativeResultsDirectory="2f94397d-388d-4515-88d1-65d07ebc7879">
    </UnitTestResult>
    <UnitTestResult executionId="c32e6403-72a6-489f-9a97-78e092a54ce4" testId="d36c404f-9cbf-9a72-0ca6-674693b7650a" testName="HelpModifierTest_S_and_Ensure_Run_Off" computerName="CUCAMONGA" duration="00:00:00.0004362" startTime="2011-08-17T17:21:40.8127775-07:00" endTime="2011-08-17T17:21:40.8177778-07:00" testType="13cdc9d9-ddb5-4fa4-a97d-d965ccfc6d4b" outcome="Passed" testListId="8c84fa94-04c1-424b-9868-57a2d4851a1d" relativeResultsDirectory="c32e6403-72a6-489f-9a97-78e092a54ce4">
    </UnitTestResult>
    <UnitTestResult executionId="883b9c59-dbad-4f46-89e4-36e3cf48fadc" testId="977522ec-36ab-7467-e984-16e06673af6f" testName="BasicSqlTest" computerName="CUCAMONGA" duration="00:00:00.0005139" startTime="2011-08-17T17:21:40.8227781-07:00" endTime="2011-08-17T17:21:40.8277784-07:00" testType="13cdc9d9-ddb5-4fa4-a97d-d965ccfc6d4b" outcome="Passed" testListId="8c84fa94-04c1-424b-9868-57a2d4851a1d" relativeResultsDirectory="883b9c59-dbad-4f46-89e4-36e3cf48fadc">
    </UnitTestResult>
    <UnitTestResult executionId="69f8879c-d8be-45da-b9cf-44df591f6432" testId="a1158286-c9a0-d3c5-048f-b0851d3cf5b7" testName="BasicSqlTest2" computerName="CUCAMONGA" duration="00:00:00.0003133" startTime="2011-08-17T17:21:40.8347788-07:00" endTime="2011-08-17T17:21:40.8397790-07:00" testType="13cdc9d9-ddb5-4fa4-a97d-d965ccfc6d4b" outcome="Passed" testListId="8c84fa94-04c1-424b-9868-57a2d4851a1d" relativeResultsDirectory="69f8879c-d8be-45da-b9cf-44df591f6432">
    </UnitTestResult>
    <UnitTestResult executionId="417b578e-e21a-421a-a0f9-846fae28d7d8" testId="9efa9754-2bd6-6a4e-e57a-a525ac22479a" testName="BasicSqlTest3" computerName="CUCAMONGA" duration="00:00:00.0005783" startTime="2011-08-17T17:21:40.8447793-07:00" endTime="2011-08-17T17:21:40.8507797-07:00" testType="13cdc9d9-ddb5-4fa4-a97d-d965ccfc6d4b" outcome="Passed" testListId="8c84fa94-04c1-424b-9868-57a2d4851a1d" relativeResultsDirectory="417b578e-e21a-421a-a0f9-846fae28d7d8">
    </UnitTestResult>
    <UnitTestResult executionId="21158207-1539-4d89-811c-f685a3476c12" testId="bb1a840f-7c75-47b3-fb81-a8b38c6bbd4f" testName="BasicGenerateErrorTest" computerName="CUCAMONGA" duration="00:00:00.0224020" startTime="2011-08-17T17:21:40.8547799-07:00" endTime="2011-08-17T17:21:40.8817814-07:00" testType="13cdc9d9-ddb5-4fa4-a97d-d965ccfc6d4b" outcome="Passed" testListId="8c84fa94-04c1-424b-9868-57a2d4851a1d" relativeResultsDirectory="21158207-1539-4d89-811c-f685a3476c12">
    </UnitTestResult>
    <UnitTestResult executionId="09c438e8-9cba-4d16-bd81-54ab02583c92" testId="cc3c90a7-a6c8-747e-feb1-95a067a4287c" testName="BasicGenerateTest" computerName="CUCAMONGA" duration="00:00:00.0004442" startTime="2011-08-17T17:21:40.8867817-07:00" endTime="2011-08-17T17:21:40.8927821-07:00" testType="13cdc9d9-ddb5-4fa4-a97d-d965ccfc6d4b" outcome="Passed" testListId="8c84fa94-04c1-424b-9868-57a2d4851a1d" relativeResultsDirectory="09c438e8-9cba-4d16-bd81-54ab02583c92">
    </UnitTestResult>
    <UnitTestResult executionId="8a17eac8-3638-4039-9865-978d18c47eb3" testId="7eda8c0b-4083-4def-9614-a659eccc9620" testName="GenerateTest" computerName="CUCAMONGA" duration="00:00:00.0006975" startTime="2011-08-17T17:21:40.8977824-07:00" endTime="2011-08-17T17:21:40.9047828-07:00" testType="13cdc9d9-ddb5-4fa4-a97d-d965ccfc6d4b" outcome="Passed" testListId="8c84fa94-04c1-424b-9868-57a2d4851a1d" relativeResultsDirectory="8a17eac8-3638-4039-9865-978d18c47eb3">
      <Output>
        <StdOut>first_name:string|last_name:string</StdOut>
      </Output>
    </UnitTestResult>
    <UnitTestResult executionId="39e5eeab-917d-41b4-b6b7-ccd443941985" testId="ada74037-4e7b-b673-a356-32752802c102" testName="GenerateTest_CreateTable" computerName="CUCAMONGA" duration="00:00:00.0004803" startTime="2011-08-17T17:21:40.9107831-07:00" endTime="2011-08-17T17:21:40.9157834-07:00" testType="13cdc9d9-ddb5-4fa4-a97d-d965ccfc6d4b" outcome="Passed" testListId="8c84fa94-04c1-424b-9868-57a2d4851a1d" relativeResultsDirectory="39e5eeab-917d-41b4-b6b7-ccd443941985">
    </UnitTestResult>
    <UnitTestResult executionId="c3f9e0cf-dc38-465c-9ced-56dc262e2a3e" testId="669bad0e-ab50-8768-3d79-24a420607811" testName="GenerateTest_ModifyTable" computerName="CUCAMONGA" duration="00:00:00.0004753" startTime="2011-08-17T17:21:40.9217837-07:00" endTime="2011-08-17T17:21:40.9277841-07:00" testType="13cdc9d9-ddb5-4fa4-a97d-d965ccfc6d4b" outcome="Passed" testListId="8c84fa94-04c1-424b-9868-57a2d4851a1d" relativeResultsDirectory="c3f9e0cf-dc38-465c-9ced-56dc262e2a3e">
    </UnitTestResult>
    <UnitTestResult executionId="021f601e-0404-40eb-bf41-f9183265bff6" testId="16f64c72-025c-ebb3-6b93-684532a9fa63" testName="BasicListTest" computerName="CUCAMONGA" duration="00:00:00.0005298" startTime="2011-08-17T17:21:40.9517855-07:00" endTime="2011-08-17T17:21:40.9577858-07:00" testType="13cdc9d9-ddb5-4fa4-a97d-d965ccfc6d4b" outcome="Passed" testListId="8c84fa94-04c1-424b-9868-57a2d4851a1d" relativeResultsDirectory="021f601e-0404-40eb-bf41-f9183265bff6">
    </UnitTestResult>
    <UnitTestResult executionId="554ba83d-190b-44d2-8849-71c80de89983" testId="6085e726-dd8d-693b-9aae-ed39953bc073" testName="BasicRunTest" computerName="CUCAMONGA" duration="00:00:00.0005298" startTime="2011-08-17T17:21:40.9627861-07:00" endTime="2011-08-17T17:21:40.9687864-07:00" testType="13cdc9d9-ddb5-4fa4-a97d-d965ccfc6d4b" outcome="Passed" testListId="8c84fa94-04c1-424b-9868-57a2d4851a1d" relativeResultsDirectory="554ba83d-190b-44d2-8849-71c80de89983">
    </UnitTestResult>
    <UnitTestResult executionId="4f21f8f8-996b-4533-b409-e260a24bf44b" testId="04f82181-a0a0-268d-8961-6593b0283527" testName="EnvironmentTest" computerName="CUCAMONGA" duration="00:00:00.0006524" startTime="2011-08-17T17:21:40.9737867-07:00" endTime="2011-08-17T17:21:40.9797871-07:00" testType="13cdc9d9-ddb5-4fa4-a97d-d965ccfc6d4b" outcome="Passed" testListId="8c84fa94-04c1-424b-9868-57a2d4851a1d" relativeResultsDirectory="4f21f8f8-996b-4533-b409-e260a24bf44b">
    </UnitTestResult>
    <UnitTestResult executionId="f880a8d9-aa02-42ea-a7f0-9a92adca265d" testId="80d6448f-0f06-5c6f-9efd-c6199e7a4680" testName="EnvironmentTestSet" computerName="CUCAMONGA" duration="00:00:00.0008374" startTime="2011-08-17T17:21:40.9847873-07:00" endTime="2011-08-17T17:21:40.9907877-07:00" testType="13cdc9d9-ddb5-4fa4-a97d-d965ccfc6d4b" outcome="Passed" testListId="8c84fa94-04c1-424b-9868-57a2d4851a1d" relativeResultsDirectory="f880a8d9-aa02-42ea-a7f0-9a92adca265d">
    </UnitTestResult>
    <UnitTestResult executionId="0d94a288-b20b-4e52-9cab-c6bd076f4daa" testId="b2badb01-a4d3-5bb4-c5c8-e59600e727e6" testName="EnvironmentTestAdd" computerName="CUCAMONGA" duration="00:00:00.0007980" startTime="2011-08-17T17:21:40.9957880-07:00" endTime="2011-08-17T17:21:41.0017883-07:00" testType="13cdc9d9-ddb5-4fa4-a97d-d965ccfc6d4b" outcome="Passed" testListId="8c84fa94-04c1-424b-9868-57a2d4851a1d" relativeResultsDirectory="0d94a288-b20b-4e52-9cab-c6bd076f4daa">
    </UnitTestResult>
    <UnitTestResult executionId="54f4e5f7-5c6a-449f-adfb-c0461a5bedfa" testId="b8b4c87a-5edf-cb32-37de-b42575b67aae" testName="EnvironmentTestRemove" computerName="CUCAMONGA" duration="00:00:00.0008349" startTime="2011-08-17T17:21:41.0077887-07:00" endTime="2011-08-17T17:21:41.0137890-07:00" testType="13cdc9d9-ddb5-4fa4-a97d-d965ccfc6d4b" outcome="Passed" testListId="8c84fa94-04c1-424b-9868-57a2d4851a1d" relativeResultsDirectory="54f4e5f7-5c6a-449f-adfb-c0461a5bedfa">
    </UnitTestResult>
    <UnitTestResult executionId="395b0552-3a3c-47b4-a5b9-326375a8034e" testId="1b8a7801-d82d-1746-889b-a337f48ed4dd" testName="EnvironmentTestRename" computerName="CUCAMONGA" duration="00:00:00.0005728" startTime="2011-08-17T17:21:41.0187893-07:00" endTime="2011-08-17T17:21:41.0287899-07:00" testType="13cdc9d9-ddb5-4fa4-a97d-d965ccfc6d4b" outcome="Passed" testListId="8c84fa94-04c1-424b-9868-57a2d4851a1d" relativeResultsDirectory="395b0552-3a3c-47b4-a5b9-326375a8034e">
    </UnitTestResult>
    <UnitTestResult executionId="edb4ba35-eee4-453e-a9e2-8cbeefbd3980" testId="4ec5d776-a082-2b7a-d6be-4f76f8d00f67" testName="EnvironmentTestDir" computerName="CUCAMONGA" duration="00:00:00.0005613" startTime="2011-08-17T17:21:41.0327901-07:00" endTime="2011-08-17T17:21:41.0377904-07:00" testType="13cdc9d9-ddb5-4fa4-a97d-d965ccfc6d4b" outcome="Passed" testListId="8c84fa94-04c1-424b-9868-57a2d4851a1d" relativeResultsDirectory="edb4ba35-eee4-453e-a9e2-8cbeefbd3980">
    </UnitTestResult>
    <UnitTestResult executionId="a8820294-8e2c-4b91-85de-12d111ed2d72" testId="a5719ce4-6290-8d0e-bbaa-fb0f4cae04cb" testName="EnvironmentTestConnectionString" computerName="CUCAMONGA" duration="00:00:00.0005801" startTime="2011-08-17T17:21:41.0417906-07:00" endTime="2011-08-17T17:21:41.0457908-07:00" testType="13cdc9d9-ddb5-4fa4-a97d-d965ccfc6d4b" outcome="Passed" testListId="8c84fa94-04c1-424b-9868-57a2d4851a1d" relativeResultsDirectory="a8820294-8e2c-4b91-85de-12d111ed2d72">
    </UnitTestResult>
    <UnitTestResult executionId="5e6cc8d8-718a-4bd1-96bf-3e48326802e5" testId="e5422223-4a43-76a5-9333-72544862540e" testName="EnvironmentTestFlavor" computerName="CUCAMONGA" duration="00:00:00.0005985" startTime="2011-08-17T17:21:41.0517912-07:00" endTime="2011-08-17T17:21:41.0567915-07:00" testType="13cdc9d9-ddb5-4fa4-a97d-d965ccfc6d4b" outcome="Passed" testListId="8c84fa94-04c1-424b-9868-57a2d4851a1d" relativeResultsDirectory="5e6cc8d8-718a-4bd1-96bf-3e48326802e5">
    </UnitTestResult>
  </Results>
</TestRun>